2023-04-20 16:42:07,802 [Worker-2: Loading available Gradle versions] INFO  o.e.b.c.i.u.g.PublishedGradleVersions - Gradle version information cache is up-to-date. Trying to read.
2023-04-20 16:49:38,060 [Worker-12: Import Getting Started Content] INFO  o.e.m.c.i.l.LifecycleMappingFactory - Using org.eclipse.m2e.jdt.JarLifecycleMapping lifecycle mapping for MavenProject: com.crud:crud-productos:0.0.1-SNAPSHOT @ D:\CLASES CICLO5\DESARROLLO DE APLICACIONES WEB I\MAVEN_SPRING_BD_SIN_DAO\crud-productos\pom.xml.
2023-04-20 16:49:40,286 [Worker-12: Import Getting Started Content] INFO  o.e.m.j.i.AbstractJavaProjectConfigurator - Adding source folder /crud-productos/src/main/java
2023-04-20 16:49:40,288 [Worker-12: Import Getting Started Content] INFO  o.e.m.j.i.AbstractJavaProjectConfigurator - Adding resource folder /crud-productos/src/main/resources
2023-04-20 16:49:40,296 [Worker-12: Import Getting Started Content] INFO  o.e.m.j.i.AbstractJavaProjectConfigurator - Adding resource folder /crud-productos/src/main/resources
2023-04-20 16:49:40,310 [Worker-12: Import Getting Started Content] INFO  o.e.m.j.i.AbstractJavaProjectConfigurator - Adding source folder /crud-productos/src/test/java
2023-04-20 16:49:44,261 [Worker-12: Import Getting Started Content] INFO  o.e.m.c.i.p.ProjectConfigurationManager - Imported and configured 1 project(s) in 8 sec
2023-04-20 16:49:44,269 [Worker-12: Import Getting Started Content] INFO  o.e.m.c.i.p.ProjectConfigurationManager - Update started
2023-04-20 16:49:44,925 [Worker-12: Import Getting Started Content] INFO  o.e.m.c.i.l.LifecycleMappingFactory - Using org.eclipse.m2e.jdt.JarLifecycleMapping lifecycle mapping for MavenProject: com.crud:crud-productos:0.0.1-SNAPSHOT @ D:\CLASES CICLO5\DESARROLLO DE APLICACIONES WEB I\MAVEN_SPRING_BD_SIN_DAO\crud-productos\pom.xml.
2023-04-20 16:49:46,205 [Worker-12: Import Getting Started Content] INFO  o.e.m.j.i.AbstractJavaProjectConfigurator - Adding source folder /crud-productos/src/main/java
2023-04-20 16:49:46,206 [Worker-12: Import Getting Started Content] INFO  o.e.m.j.i.AbstractJavaProjectConfigurator - Adding resource folder /crud-productos/src/main/resources
2023-04-20 16:49:46,207 [Worker-12: Import Getting Started Content] INFO  o.e.m.j.i.AbstractJavaProjectConfigurator - Adding resource folder /crud-productos/src/main/resources
2023-04-20 16:49:46,209 [Worker-12: Import Getting Started Content] INFO  o.e.m.j.i.AbstractJavaProjectConfigurator - Adding source folder /crud-productos/src/test/java
2023-04-20 16:49:47,509 [Worker-12: Import Getting Started Content] INFO  o.e.m.c.i.p.ProjectConfigurationManager - Update completed for 1 poms: local refresh takes 0.00 sec, refresh facades takes 1.00 sec, update config takes 1.00 sec 
2023-04-20 16:49:48,530 [Worker-16: Building] INFO  o.a.m.s.f.DefaultMavenResourcesFiltering - Copying 1 resource from src\main\resources to target\classes
2023-04-20 16:49:48,561 [Worker-16: Building] INFO  o.a.m.s.f.DefaultMavenResourcesFiltering - Copying 0 resource from src\main\resources to target\classes
2023-04-20 16:49:48,569 [Worker-16: Building] INFO  o.a.m.s.f.DefaultMavenResourcesFiltering - skip non existing resourceDirectory D:\CLASES CICLO5\DESARROLLO DE APLICACIONES WEB I\MAVEN_SPRING_BD_SIN_DAO\crud-productos\src\test\resources
2023-04-20 17:02:22,470 [Worker-22: Building] INFO  o.a.m.s.f.DefaultMavenResourcesFiltering - Copying 1 resource from src\main\resources to target\classes
2023-04-20 17:02:22,489 [Worker-22: Building] INFO  o.a.m.s.f.DefaultMavenResourcesFiltering - Copying 0 resource from src\main\resources to target\classes
2023-04-20 17:02:22,496 [Worker-22: Building] INFO  o.a.m.s.f.DefaultMavenResourcesFiltering - skip non existing resourceDirectory D:\CLASES CICLO5\DESARROLLO DE APLICACIONES WEB I\MAVEN_SPRING_BD_SIN_DAO\crud-productos\src\test\resources
2023-04-20 17:07:40,232 [Worker-30: Building] INFO  o.a.m.s.f.DefaultMavenResourcesFiltering - Copying 1 resource from src\main\resources to target\classes
2023-04-20 17:07:40,265 [Worker-30: Building] INFO  o.a.m.s.f.DefaultMavenResourcesFiltering - Copying 0 resource from src\main\resources to target\classes
2023-04-20 17:07:40,274 [Worker-30: Building] INFO  o.a.m.s.f.DefaultMavenResourcesFiltering - skip non existing resourceDirectory D:\CLASES CICLO5\DESARROLLO DE APLICACIONES WEB I\MAVEN_SPRING_BD_SIN_DAO\crud-productos\src\test\resources
2023-04-20 17:09:48,847 [Worker-30: Building] INFO  o.a.m.s.f.DefaultMavenResourcesFiltering - Copying 1 resource from src\main\resources to target\classes
2023-04-20 17:09:48,857 [Worker-30: Building] INFO  o.a.m.s.f.DefaultMavenResourcesFiltering - Copying 0 resource from src\main\resources to target\classes
2023-04-20 17:09:48,865 [Worker-30: Building] INFO  o.a.m.s.f.DefaultMavenResourcesFiltering - skip non existing resourceDirectory D:\CLASES CICLO5\DESARROLLO DE APLICACIONES WEB I\MAVEN_SPRING_BD_SIN_DAO\crud-productos\src\test\resources
2023-04-20 17:11:25,894 [Worker-34: Building] INFO  o.a.m.s.f.DefaultMavenResourcesFiltering - Copying 1 resource from src\main\resources to target\classes
2023-04-20 17:11:25,906 [Worker-34: Building] INFO  o.a.m.s.f.DefaultMavenResourcesFiltering - Copying 0 resource from src\main\resources to target\classes
2023-04-20 17:11:25,913 [Worker-34: Building] INFO  o.a.m.s.f.DefaultMavenResourcesFiltering - skip non existing resourceDirectory D:\CLASES CICLO5\DESARROLLO DE APLICACIONES WEB I\MAVEN_SPRING_BD_SIN_DAO\crud-productos\src\test\resources
2023-04-20 17:13:26,895 [Worker-36: Building] INFO  o.a.m.s.f.DefaultMavenResourcesFiltering - Copying 1 resource from src\main\resources to target\classes
2023-04-20 17:13:26,904 [Worker-36: Building] INFO  o.a.m.s.f.DefaultMavenResourcesFiltering - Copying 0 resource from src\main\resources to target\classes
2023-04-20 17:13:26,911 [Worker-36: Building] INFO  o.a.m.s.f.DefaultMavenResourcesFiltering - skip non existing resourceDirectory D:\CLASES CICLO5\DESARROLLO DE APLICACIONES WEB I\MAVEN_SPRING_BD_SIN_DAO\crud-productos\src\test\resources
2023-04-20 17:14:47,695 [Worker-32: Building] INFO  o.a.m.s.f.DefaultMavenResourcesFiltering - Copying 0 resource from src\main\resources to target\classes
2023-04-20 17:14:47,696 [Worker-32: Building] INFO  o.a.m.s.f.DefaultMavenResourcesFiltering - Copying 1 resource from src\main\resources to target\classes
2023-04-20 17:14:47,706 [Worker-32: Building] INFO  o.a.m.s.f.DefaultMavenResourcesFiltering - skip non existing resourceDirectory D:\CLASES CICLO5\DESARROLLO DE APLICACIONES WEB I\MAVEN_SPRING_BD_SIN_DAO\crud-productos\src\test\resources
2023-04-20 17:16:04,043 [Worker-36: Building] INFO  o.a.m.s.f.DefaultMavenResourcesFiltering - Copying 1 resource from src\main\resources to target\classes
2023-04-20 17:16:04,052 [Worker-36: Building] INFO  o.a.m.s.f.DefaultMavenResourcesFiltering - Copying 1 resource from src\main\resources to target\classes
2023-04-20 17:16:04,062 [Worker-36: Building] INFO  o.a.m.s.f.DefaultMavenResourcesFiltering - skip non existing resourceDirectory D:\CLASES CICLO5\DESARROLLO DE APLICACIONES WEB I\MAVEN_SPRING_BD_SIN_DAO\crud-productos\src\test\resources
2023-04-20 17:17:29,827 [Worker-4: Loading available Gradle versions] INFO  o.e.b.c.i.u.g.PublishedGradleVersions - Gradle version information cache is up-to-date. Trying to read.
2023-04-20 17:24:15,023 [Worker-13: Building] INFO  o.a.m.s.f.DefaultMavenResourcesFiltering - Copying 1 resource from src\main\resources to target\classes
2023-04-20 17:24:15,055 [Worker-13: Building] INFO  o.a.m.s.f.DefaultMavenResourcesFiltering - Copying 1 resource from src\main\resources to target\classes
2023-04-20 17:24:15,068 [Worker-13: Building] INFO  o.a.m.s.f.DefaultMavenResourcesFiltering - skip non existing resourceDirectory D:\CLASES CICLO5\DESARROLLO DE APLICACIONES WEB I\MAVEN_SPRING_BD_SIN_DAO\crud-productos\src\test\resources
2023-04-20 17:28:15,619 [Worker-14: Building] INFO  o.a.m.s.f.DefaultMavenResourcesFiltering - Copying 1 resource from src\main\resources to target\classes
2023-04-20 17:28:15,628 [Worker-14: Building] INFO  o.a.m.s.f.DefaultMavenResourcesFiltering - Copying 1 resource from src\main\resources to target\classes
2023-04-20 17:28:15,638 [Worker-14: Building] INFO  o.a.m.s.f.DefaultMavenResourcesFiltering - skip non existing resourceDirectory D:\CLASES CICLO5\DESARROLLO DE APLICACIONES WEB I\MAVEN_SPRING_BD_SIN_DAO\crud-productos\src\test\resources
2023-04-20 17:28:39,893 [Worker-15: Building] INFO  o.a.m.s.f.DefaultMavenResourcesFiltering - Copying 1 resource from src\main\resources to target\classes
2023-04-20 17:28:39,903 [Worker-15: Building] INFO  o.a.m.s.f.DefaultMavenResourcesFiltering - Copying 1 resource from src\main\resources to target\classes
2023-04-20 17:28:39,911 [Worker-15: Building] INFO  o.a.m.s.f.DefaultMavenResourcesFiltering - skip non existing resourceDirectory D:\CLASES CICLO5\DESARROLLO DE APLICACIONES WEB I\MAVEN_SPRING_BD_SIN_DAO\crud-productos\src\test\resources
2023-04-20 17:35:58,685 [Worker-0: Building] INFO  o.a.m.s.f.DefaultMavenResourcesFiltering - Copying 1 resource from src\main\resources to target\classes
2023-04-20 17:35:58,694 [Worker-0: Building] INFO  o.a.m.s.f.DefaultMavenResourcesFiltering - Copying 1 resource from src\main\resources to target\classes
2023-04-20 17:35:58,701 [Worker-0: Building] INFO  o.a.m.s.f.DefaultMavenResourcesFiltering - skip non existing resourceDirectory D:\CLASES CICLO5\DESARROLLO DE APLICACIONES WEB I\MAVEN_SPRING_BD_SIN_DAO\crud-productos\src\test\resources
2023-04-20 17:37:50,022 [Worker-14: Launching crud-productos - CrudProductosApplication] INFO  o.a.m.s.f.DefaultMavenResourcesFiltering - Copying 1 resource from src\main\resources to target\classes
2023-04-20 17:37:50,068 [Worker-14: Launching crud-productos - CrudProductosApplication] INFO  o.a.m.s.f.DefaultMavenResourcesFiltering - Copying 1 resource from src\main\resources to target\classes
2023-04-20 17:37:50,079 [Worker-14: Launching crud-productos - CrudProductosApplication] INFO  o.a.m.s.f.DefaultMavenResourcesFiltering - skip non existing resourceDirectory D:\CLASES CICLO5\DESARROLLO DE APLICACIONES WEB I\MAVEN_SPRING_BD_SIN_DAO\crud-productos\src\test\resources
2023-04-20 17:40:36,941 [Worker-24: Building] INFO  o.a.m.s.f.DefaultMavenResourcesFiltering - Copying 1 resource from src\main\resources to target\classes
2023-04-20 17:40:36,949 [Worker-24: Building] INFO  o.a.m.s.f.DefaultMavenResourcesFiltering - Copying 1 resource from src\main\resources to target\classes
2023-04-20 17:40:36,958 [Worker-24: Building] INFO  o.a.m.s.f.DefaultMavenResourcesFiltering - skip non existing resourceDirectory D:\CLASES CICLO5\DESARROLLO DE APLICACIONES WEB I\MAVEN_SPRING_BD_SIN_DAO\crud-productos\src\test\resources
2023-04-20 17:49:47,010 [Worker-26: Building] INFO  o.a.m.s.f.DefaultMavenResourcesFiltering - Copying 1 resource from src\main\resources to target\classes
2023-04-20 17:49:47,023 [Worker-26: Building] INFO  o.a.m.s.f.DefaultMavenResourcesFiltering - Copying 1 resource from src\main\resources to target\classes
2023-04-20 17:49:47,049 [Worker-26: Building] INFO  o.a.m.s.f.DefaultMavenResourcesFiltering - skip non existing resourceDirectory D:\CLASES CICLO5\DESARROLLO DE APLICACIONES WEB I\MAVEN_SPRING_BD_SIN_DAO\crud-productos\src\test\resources
2023-04-20 17:58:31,386 [Worker-31: Building] INFO  o.a.m.s.f.DefaultMavenResourcesFiltering - Copying 1 resource from src\main\resources to target\classes
2023-04-20 17:58:31,396 [Worker-31: Building] INFO  o.a.m.s.f.DefaultMavenResourcesFiltering - Copying 1 resource from src\main\resources to target\classes
2023-04-20 17:58:31,406 [Worker-31: Building] INFO  o.a.m.s.f.DefaultMavenResourcesFiltering - skip non existing resourceDirectory D:\CLASES CICLO5\DESARROLLO DE APLICACIONES WEB I\MAVEN_SPRING_BD_SIN_DAO\crud-productos\src\test\resources
2023-04-20 18:00:43,144 [Worker-30: Building] INFO  o.a.m.s.f.DefaultMavenResourcesFiltering - Copying 1 resource from src\main\resources to target\classes
2023-04-20 18:00:43,153 [Worker-30: Building] INFO  o.a.m.s.f.DefaultMavenResourcesFiltering - Copying 1 resource from src\main\resources to target\classes
2023-04-20 18:00:43,159 [Worker-30: Building] INFO  o.a.m.s.f.DefaultMavenResourcesFiltering - skip non existing resourceDirectory D:\CLASES CICLO5\DESARROLLO DE APLICACIONES WEB I\MAVEN_SPRING_BD_SIN_DAO\crud-productos\src\test\resources
2023-04-20 18:04:49,281 [Worker-29: Building] INFO  o.a.m.s.f.DefaultMavenResourcesFiltering - Copying 1 resource from src\main\resources to target\classes
2023-04-20 18:04:49,294 [Worker-29: Building] INFO  o.a.m.s.f.DefaultMavenResourcesFiltering - Copying 1 resource from src\main\resources to target\classes
2023-04-20 18:04:49,301 [Worker-29: Building] INFO  o.a.m.s.f.DefaultMavenResourcesFiltering - skip non existing resourceDirectory D:\CLASES CICLO5\DESARROLLO DE APLICACIONES WEB I\MAVEN_SPRING_BD_SIN_DAO\crud-productos\src\test\resources
2023-04-20 18:06:32,232 [Worker-0: Loading available Gradle versions] INFO  o.e.b.c.i.u.g.PublishedGradleVersions - Gradle version information cache is up-to-date. Trying to read.
2023-04-20 18:08:40,162 [Worker-3: Building] INFO  o.a.m.s.f.DefaultMavenResourcesFiltering - Copying 1 resource from src\main\resources to target\classes
2023-04-20 18:08:40,192 [Worker-3: Building] INFO  o.a.m.s.f.DefaultMavenResourcesFiltering - Copying 1 resource from src\main\resources to target\classes
2023-04-20 18:08:40,200 [Worker-3: Building] INFO  o.a.m.s.f.DefaultMavenResourcesFiltering - skip non existing resourceDirectory D:\CLASES CICLO5\DESARROLLO DE APLICACIONES WEB I\MAVEN_SPRING_BD_SIN_DAO\crud-productos\src\test\resources
2023-04-20 18:11:13,463 [Worker-1: Building] INFO  o.a.m.s.f.DefaultMavenResourcesFiltering - Copying 1 resource from src\main\resources to target\classes
2023-04-20 18:11:13,476 [Worker-1: Building] INFO  o.a.m.s.f.DefaultMavenResourcesFiltering - Copying 1 resource from src\main\resources to target\classes
2023-04-20 18:11:13,491 [Worker-1: Building] INFO  o.a.m.s.f.DefaultMavenResourcesFiltering - skip non existing resourceDirectory D:\CLASES CICLO5\DESARROLLO DE APLICACIONES WEB I\MAVEN_SPRING_BD_SIN_DAO\crud-productos\src\test\resources
2023-04-20 18:16:41,914 [Worker-2: Loading available Gradle versions] INFO  o.e.b.c.i.u.g.PublishedGradleVersions - Gradle version information cache is up-to-date. Trying to read.
2023-04-20 18:26:29,105 [Worker-22: Building] INFO  o.a.m.s.f.DefaultMavenResourcesFiltering - Copying 1 resource from src\main\resources to target\classes
2023-04-20 18:26:29,143 [Worker-22: Building] INFO  o.a.m.s.f.DefaultMavenResourcesFiltering - Copying 1 resource from src\main\resources to target\classes
2023-04-20 18:26:29,151 [Worker-22: Building] INFO  o.a.m.s.f.DefaultMavenResourcesFiltering - skip non existing resourceDirectory D:\CLASES CICLO5\DESARROLLO DE APLICACIONES WEB I\MAVEN_SPRING_BD_SIN_DAO\crud-productos\src\test\resources
2023-04-20 18:27:17,707 [Worker-1: Loading available Gradle versions] INFO  o.e.b.c.i.u.g.PublishedGradleVersions - Gradle version information cache is up-to-date. Trying to read.
2023-04-20 23:04:10,123 [Worker-0: Loading available Gradle versions] INFO  o.e.b.c.i.u.g.PublishedGradleVersions - Gradle version information cache is up-to-date. Trying to read.
2023-04-21 11:34:40,225 [Worker-14: Launching crud-productos - CrudProductosApplication] INFO  o.a.m.s.f.DefaultMavenResourcesFiltering - Copying 1 resource from src\main\resources to target\classes
2023-04-21 11:34:40,267 [Worker-14: Launching crud-productos - CrudProductosApplication] INFO  o.a.m.s.f.DefaultMavenResourcesFiltering - Copying 1 resource from src\main\resources to target\classes
2023-04-21 11:34:40,282 [Worker-14: Launching crud-productos - CrudProductosApplication] INFO  o.a.m.s.f.DefaultMavenResourcesFiltering - skip non existing resourceDirectory D:\CLASES CICLO5\DESARROLLO DE APLICACIONES WEB I\MAVEN_SPRING_BD_SIN_DAO\crud-productos\src\test\resources
2023-04-21 11:38:41,166 [Worker-1: Loading available Gradle versions] INFO  o.e.b.c.i.u.g.PublishedGradleVersions - Gradle version information cache is out-of-date. Trying to update.
2023-04-21 11:41:14,173 [Worker-2: Updating Maven Project] INFO  o.e.m.c.i.p.ProjectConfigurationManager - Update started
2023-04-21 11:41:15,614 [Worker-2: Updating Maven Project] INFO  o.e.m.c.i.l.LifecycleMappingFactory - Using org.eclipse.m2e.jdt.JarLifecycleMapping lifecycle mapping for MavenProject: com.crud:crud-productos:0.0.1-SNAPSHOT @ D:\CLASES CICLO5\DESARROLLO DE APLICACIONES WEB I\MAVEN_SPRING_BD_SIN_DAO\crud-productos\pom.xml.
2023-04-21 11:41:17,361 [Worker-2: Updating Maven Project] INFO  o.e.m.j.i.AbstractJavaProjectConfigurator - Adding source folder /crud-productos/src/main/java
2023-04-21 11:41:17,362 [Worker-2: Updating Maven Project] INFO  o.e.m.j.i.AbstractJavaProjectConfigurator - Adding resource folder /crud-productos/src/main/resources
2023-04-21 11:41:17,362 [Worker-2: Updating Maven Project] INFO  o.e.m.j.i.AbstractJavaProjectConfigurator - Adding resource folder /crud-productos/src/main/resources
2023-04-21 11:41:17,364 [Worker-2: Updating Maven Project] INFO  o.e.m.j.i.AbstractJavaProjectConfigurator - Adding source folder /crud-productos/src/test/java
2023-04-21 11:41:18,515 [Worker-2: Updating Maven Project] INFO  o.e.m.c.i.p.ProjectConfigurationManager - Update completed for 1 poms: local refresh takes 0.00 sec, refresh facades takes 2.00 sec, update config takes 1.00 sec 
2023-04-21 11:41:19,141 [Worker-8: Launching crud-productos - CrudProductosApplication] INFO  o.a.m.s.f.DefaultMavenResourcesFiltering - Copying 1 resource from src\main\resources to target\classes
2023-04-21 11:41:19,174 [Worker-8: Launching crud-productos - CrudProductosApplication] INFO  o.a.m.s.f.DefaultMavenResourcesFiltering - Copying 1 resource from src\main\resources to target\classes
2023-04-21 11:41:19,187 [Worker-8: Launching crud-productos - CrudProductosApplication] INFO  o.a.m.s.f.DefaultMavenResourcesFiltering - skip non existing resourceDirectory D:\CLASES CICLO5\DESARROLLO DE APLICACIONES WEB I\MAVEN_SPRING_BD_SIN_DAO\crud-productos\src\test\resources
2023-04-21 11:44:38,782 [Worker-14: Updating Maven Project] INFO  o.e.m.c.i.p.ProjectConfigurationManager - Update started
2023-04-21 11:44:39,468 [Worker-14: Updating Maven Project] INFO  o.e.m.c.i.l.LifecycleMappingFactory - Using org.eclipse.m2e.jdt.JarLifecycleMapping lifecycle mapping for MavenProject: com.crud:crud-productos:0.0.1-SNAPSHOT @ D:\CLASES CICLO5\DESARROLLO DE APLICACIONES WEB I\MAVEN_SPRING_BD_SIN_DAO\crud-productos\pom.xml.
2023-04-21 11:44:40,790 [Worker-14: Updating Maven Project] INFO  o.e.m.j.i.AbstractJavaProjectConfigurator - Adding source folder /crud-productos/src/main/java
2023-04-21 11:44:40,791 [Worker-14: Updating Maven Project] INFO  o.e.m.j.i.AbstractJavaProjectConfigurator - Adding resource folder /crud-productos/src/main/resources
2023-04-21 11:44:40,791 [Worker-14: Updating Maven Project] INFO  o.e.m.j.i.AbstractJavaProjectConfigurator - Adding resource folder /crud-productos/src/main/resources
2023-04-21 11:44:40,793 [Worker-14: Updating Maven Project] INFO  o.e.m.j.i.AbstractJavaProjectConfigurator - Adding source folder /crud-productos/src/test/java
2023-04-21 11:44:41,748 [Worker-14: Updating Maven Project] INFO  o.e.m.c.i.p.ProjectConfigurationManager - Update completed for 1 poms: local refresh takes 0.00 sec, refresh facades takes 1.00 sec, update config takes 0.00 sec 
2023-04-21 11:44:42,298 [Worker-17: Building] INFO  o.a.m.s.f.DefaultMavenResourcesFiltering - Copying 1 resource from src\main\resources to target\classes
2023-04-21 11:44:42,326 [Worker-17: Building] INFO  o.a.m.s.f.DefaultMavenResourcesFiltering - Copying 1 resource from src\main\resources to target\classes
2023-04-21 11:44:42,336 [Worker-17: Building] INFO  o.a.m.s.f.DefaultMavenResourcesFiltering - skip non existing resourceDirectory D:\CLASES CICLO5\DESARROLLO DE APLICACIONES WEB I\MAVEN_SPRING_BD_SIN_DAO\crud-productos\src\test\resources
2023-04-21 11:48:32,167 [Worker-1: Loading available Gradle versions] INFO  o.e.b.c.i.u.g.PublishedGradleVersions - Gradle version information cache is up-to-date. Trying to read.
2023-04-21 11:56:20,029 [Worker-17: Updating Maven Project] INFO  o.e.m.c.i.p.ProjectConfigurationManager - Update started
2023-04-21 11:56:21,267 [Worker-17: Updating Maven Project] INFO  o.e.m.c.i.l.LifecycleMappingFactory - Using org.eclipse.m2e.jdt.JarLifecycleMapping lifecycle mapping for MavenProject: com.crud:crud-productos:0.0.1-SNAPSHOT @ D:\CLASES CICLO5\DESARROLLO DE APLICACIONES WEB I\MAVEN_SPRING_BD_SIN_DAO\crud-productos\pom.xml.
2023-04-21 11:56:22,855 [Worker-17: Updating Maven Project] INFO  o.e.m.j.i.AbstractJavaProjectConfigurator - Adding source folder /crud-productos/src/main/java
2023-04-21 11:56:22,856 [Worker-17: Updating Maven Project] INFO  o.e.m.j.i.AbstractJavaProjectConfigurator - Adding resource folder /crud-productos/src/main/resources
2023-04-21 11:56:22,857 [Worker-17: Updating Maven Project] INFO  o.e.m.j.i.AbstractJavaProjectConfigurator - Adding resource folder /crud-productos/src/main/resources
2023-04-21 11:56:22,859 [Worker-17: Updating Maven Project] INFO  o.e.m.j.i.AbstractJavaProjectConfigurator - Adding source folder /crud-productos/src/test/java
2023-04-21 11:56:23,931 [Worker-17: Updating Maven Project] INFO  o.e.m.c.i.p.ProjectConfigurationManager - Update completed for 1 poms: local refresh takes 0.00 sec, refresh facades takes 2.00 sec, update config takes 1.00 sec 
2023-04-21 11:56:24,677 [Worker-23: Building] INFO  o.a.m.s.f.DefaultMavenResourcesFiltering - Copying 1 resource from src\main\resources to target\classes
2023-04-21 11:56:24,713 [Worker-23: Building] INFO  o.a.m.s.f.DefaultMavenResourcesFiltering - Copying 1 resource from src\main\resources to target\classes
2023-04-21 11:56:24,727 [Worker-23: Building] INFO  o.a.m.s.f.DefaultMavenResourcesFiltering - skip non existing resourceDirectory D:\CLASES CICLO5\DESARROLLO DE APLICACIONES WEB I\MAVEN_SPRING_BD_SIN_DAO\crud-productos\src\test\resources
2023-04-21 21:49:27,886 [Worker-4: Loading available Gradle versions] INFO  o.e.b.c.i.u.g.PublishedGradleVersions - Gradle version information cache is up-to-date. Trying to read.
2023-04-21 21:50:11,806 [Worker-12: Building] INFO  o.a.m.s.f.DefaultMavenResourcesFiltering - Copying 1 resource from src\main\resources to target\classes
2023-04-21 21:50:11,861 [Worker-12: Building] INFO  o.a.m.s.f.DefaultMavenResourcesFiltering - Copying 1 resource from src\main\resources to target\classes
2023-04-21 21:50:11,874 [Worker-12: Building] INFO  o.a.m.s.f.DefaultMavenResourcesFiltering - skip non existing resourceDirectory D:\CLASES CICLO5\DESARROLLO DE APLICACIONES WEB I\MAVEN_SPRING_BD_SIN_DAO\crud-productos\src\test\resources
2023-04-21 21:51:31,909 [Worker-6: Building] INFO  o.a.m.s.f.DefaultMavenResourcesFiltering - Copying 1 resource from src\main\resources to target\classes
2023-04-21 21:51:31,927 [Worker-6: Building] INFO  o.a.m.s.f.DefaultMavenResourcesFiltering - Copying 0 resource from src\main\resources to target\classes
2023-04-21 21:51:31,937 [Worker-6: Building] INFO  o.a.m.s.f.DefaultMavenResourcesFiltering - skip non existing resourceDirectory D:\CLASES CICLO5\DESARROLLO DE APLICACIONES WEB I\MAVEN_SPRING_BD_SIN_DAO\crud-productos\src\test\resources
2023-04-21 21:53:09,123 [Worker-8: Building] INFO  o.a.m.s.f.DefaultMavenResourcesFiltering - Copying 1 resource from src\main\resources to target\classes
2023-04-21 21:53:09,138 [Worker-8: Building] INFO  o.a.m.s.f.DefaultMavenResourcesFiltering - Copying 0 resource from src\main\resources to target\classes
2023-04-21 21:53:09,147 [Worker-8: Building] INFO  o.a.m.s.f.DefaultMavenResourcesFiltering - skip non existing resourceDirectory D:\CLASES CICLO5\DESARROLLO DE APLICACIONES WEB I\MAVEN_SPRING_BD_SIN_DAO\crud-productos\src\test\resources
2023-04-21 21:55:47,188 [Worker-8: Building] INFO  o.a.m.s.f.DefaultMavenResourcesFiltering - Copying 1 resource from src\main\resources to target\classes
2023-04-21 21:55:47,216 [Worker-8: Building] INFO  o.a.m.s.f.DefaultMavenResourcesFiltering - Copying 0 resource from src\main\resources to target\classes
2023-04-21 21:55:47,225 [Worker-8: Building] INFO  o.a.m.s.f.DefaultMavenResourcesFiltering - skip non existing resourceDirectory D:\CLASES CICLO5\DESARROLLO DE APLICACIONES WEB I\MAVEN_SPRING_BD_SIN_DAO\crud-productos\src\test\resources
2023-04-21 22:34:44,060 [Worker-19: Building] INFO  o.a.m.s.f.DefaultMavenResourcesFiltering - Copying 1 resource from src\main\resources to target\classes
2023-04-21 22:34:44,080 [Worker-19: Building] INFO  o.a.m.s.f.DefaultMavenResourcesFiltering - Copying 1 resource from src\main\resources to target\classes
2023-04-21 22:34:44,086 [Worker-19: Building] INFO  o.a.m.s.f.DefaultMavenResourcesFiltering - skip non existing resourceDirectory D:\CLASES CICLO5\DESARROLLO DE APLICACIONES WEB I\MAVEN_SPRING_BD_SIN_DAO\crud-productos\src\test\resources
2023-04-21 22:35:50,331 [Worker-3: Building] INFO  o.a.m.s.f.DefaultMavenResourcesFiltering - Copying 1 resource from src\main\resources to target\classes
2023-04-21 22:35:50,340 [Worker-3: Building] INFO  o.a.m.s.f.DefaultMavenResourcesFiltering - Copying 1 resource from src\main\resources to target\classes
2023-04-21 22:35:50,347 [Worker-3: Building] INFO  o.a.m.s.f.DefaultMavenResourcesFiltering - skip non existing resourceDirectory D:\CLASES CICLO5\DESARROLLO DE APLICACIONES WEB I\MAVEN_SPRING_BD_SIN_DAO\crud-productos\src\test\resources
2023-04-21 22:36:15,625 [Worker-16: Building] INFO  o.a.m.s.f.DefaultMavenResourcesFiltering - Copying 1 resource from src\main\resources to target\classes
2023-04-21 22:36:15,649 [Worker-16: Building] INFO  o.a.m.s.f.DefaultMavenResourcesFiltering - Copying 1 resource from src\main\resources to target\classes
2023-04-21 22:36:15,658 [Worker-16: Building] INFO  o.a.m.s.f.DefaultMavenResourcesFiltering - skip non existing resourceDirectory D:\CLASES CICLO5\DESARROLLO DE APLICACIONES WEB I\MAVEN_SPRING_BD_SIN_DAO\crud-productos\src\test\resources
2023-04-21 23:30:03,674 [Worker-5: Loading available Gradle versions] INFO  o.e.b.c.i.u.g.PublishedGradleVersions - Gradle version information cache is up-to-date. Trying to read.
2023-04-22 01:32:33,770 [Worker-17: Building] INFO  o.a.m.s.f.DefaultMavenResourcesFiltering - Copying 1 resource from src\main\resources to target\classes
2023-04-22 01:32:34,002 [Worker-17: Building] INFO  o.a.m.s.f.DefaultMavenResourcesFiltering - Copying 1 resource from src\main\resources to target\classes
2023-04-22 01:32:34,021 [Worker-17: Building] INFO  o.a.m.s.f.DefaultMavenResourcesFiltering - skip non existing resourceDirectory D:\CLASES CICLO5\DESARROLLO DE APLICACIONES WEB I\MAVEN_SPRING_BD_SIN_DAO\crud-productos\src\test\resources
2023-04-22 01:37:20,231 [Worker-25: Building] INFO  o.a.m.s.f.DefaultMavenResourcesFiltering - Copying 0 resource from src\main\resources to target\classes
2023-04-22 01:37:20,233 [Worker-25: Building] INFO  o.a.m.s.f.DefaultMavenResourcesFiltering - Copying 1 resource from src\main\resources to target\classes
2023-04-22 01:37:20,245 [Worker-25: Building] INFO  o.a.m.s.f.DefaultMavenResourcesFiltering - skip non existing resourceDirectory D:\CLASES CICLO5\DESARROLLO DE APLICACIONES WEB I\MAVEN_SPRING_BD_SIN_DAO\crud-productos\src\test\resources
2023-04-22 01:38:52,496 [Worker-25: Building] INFO  o.a.m.s.f.DefaultMavenResourcesFiltering - Copying 0 resource from src\main\resources to target\classes
2023-04-22 01:38:52,498 [Worker-25: Building] INFO  o.a.m.s.f.DefaultMavenResourcesFiltering - Copying 1 resource from src\main\resources to target\classes
2023-04-22 01:38:52,510 [Worker-25: Building] INFO  o.a.m.s.f.DefaultMavenResourcesFiltering - skip non existing resourceDirectory D:\CLASES CICLO5\DESARROLLO DE APLICACIONES WEB I\MAVEN_SPRING_BD_SIN_DAO\crud-productos\src\test\resources
2023-04-22 01:40:14,403 [Worker-26: Building] INFO  o.a.m.s.f.DefaultMavenResourcesFiltering - Copying 0 resource from src\main\resources to target\classes
2023-04-22 01:40:14,404 [Worker-26: Building] INFO  o.a.m.s.f.DefaultMavenResourcesFiltering - Copying 1 resource from src\main\resources to target\classes
2023-04-22 01:40:14,413 [Worker-26: Building] INFO  o.a.m.s.f.DefaultMavenResourcesFiltering - skip non existing resourceDirectory D:\CLASES CICLO5\DESARROLLO DE APLICACIONES WEB I\MAVEN_SPRING_BD_SIN_DAO\crud-productos\src\test\resources
2023-04-22 01:40:28,102 [Worker-25: Building] INFO  o.a.m.s.f.DefaultMavenResourcesFiltering - Copying 0 resource from src\main\resources to target\classes
2023-04-22 01:40:28,104 [Worker-25: Building] INFO  o.a.m.s.f.DefaultMavenResourcesFiltering - Copying 1 resource from src\main\resources to target\classes
2023-04-22 01:40:28,111 [Worker-25: Building] INFO  o.a.m.s.f.DefaultMavenResourcesFiltering - skip non existing resourceDirectory D:\CLASES CICLO5\DESARROLLO DE APLICACIONES WEB I\MAVEN_SPRING_BD_SIN_DAO\crud-productos\src\test\resources
2023-04-22 01:42:31,902 [Worker-20: Building] INFO  o.a.m.s.f.DefaultMavenResourcesFiltering - Copying 0 resource from src\main\resources to target\classes
2023-04-22 01:42:31,903 [Worker-20: Building] INFO  o.a.m.s.f.DefaultMavenResourcesFiltering - Copying 1 resource from src\main\resources to target\classes
2023-04-22 01:42:31,913 [Worker-20: Building] INFO  o.a.m.s.f.DefaultMavenResourcesFiltering - skip non existing resourceDirectory D:\CLASES CICLO5\DESARROLLO DE APLICACIONES WEB I\MAVEN_SPRING_BD_SIN_DAO\crud-productos\src\test\resources
2023-04-22 01:44:58,565 [Worker-29: Building] INFO  o.a.m.s.f.DefaultMavenResourcesFiltering - Copying 0 resource from src\main\resources to target\classes
2023-04-22 01:44:58,565 [Worker-29: Building] INFO  o.a.m.s.f.DefaultMavenResourcesFiltering - Copying 1 resource from src\main\resources to target\classes
2023-04-22 01:44:58,574 [Worker-29: Building] INFO  o.a.m.s.f.DefaultMavenResourcesFiltering - skip non existing resourceDirectory D:\CLASES CICLO5\DESARROLLO DE APLICACIONES WEB I\MAVEN_SPRING_BD_SIN_DAO\crud-productos\src\test\resources
2023-04-22 01:46:04,834 [Worker-29: Launching crud-productos - CrudProductosApplication] INFO  o.a.m.s.f.DefaultMavenResourcesFiltering - Copying 0 resource from src\main\resources to target\classes
2023-04-22 01:46:04,835 [Worker-29: Launching crud-productos - CrudProductosApplication] INFO  o.a.m.s.f.DefaultMavenResourcesFiltering - Copying 1 resource from src\main\resources to target\classes
2023-04-22 01:46:04,846 [Worker-29: Launching crud-productos - CrudProductosApplication] INFO  o.a.m.s.f.DefaultMavenResourcesFiltering - skip non existing resourceDirectory D:\CLASES CICLO5\DESARROLLO DE APLICACIONES WEB I\MAVEN_SPRING_BD_SIN_DAO\crud-productos\src\test\resources
2023-04-22 01:48:00,044 [Worker-22: Building] INFO  o.a.m.s.f.DefaultMavenResourcesFiltering - Copying 0 resource from src\main\resources to target\classes
2023-04-22 01:48:00,044 [Worker-22: Building] INFO  o.a.m.s.f.DefaultMavenResourcesFiltering - Copying 1 resource from src\main\resources to target\classes
2023-04-22 01:48:00,053 [Worker-22: Building] INFO  o.a.m.s.f.DefaultMavenResourcesFiltering - skip non existing resourceDirectory D:\CLASES CICLO5\DESARROLLO DE APLICACIONES WEB I\MAVEN_SPRING_BD_SIN_DAO\crud-productos\src\test\resources
2023-04-22 01:48:29,181 [Worker-22: Building] INFO  o.a.m.s.f.DefaultMavenResourcesFiltering - Copying 0 resource from src\main\resources to target\classes
2023-04-22 01:48:29,182 [Worker-22: Building] INFO  o.a.m.s.f.DefaultMavenResourcesFiltering - Copying 1 resource from src\main\resources to target\classes
2023-04-22 01:48:29,192 [Worker-22: Building] INFO  o.a.m.s.f.DefaultMavenResourcesFiltering - skip non existing resourceDirectory D:\CLASES CICLO5\DESARROLLO DE APLICACIONES WEB I\MAVEN_SPRING_BD_SIN_DAO\crud-productos\src\test\resources
2023-04-22 01:51:26,546 [Worker-27: Building] INFO  o.a.m.s.f.DefaultMavenResourcesFiltering - Copying 1 resource from src\main\resources to target\classes
2023-04-22 01:51:26,556 [Worker-27: Building] INFO  o.a.m.s.f.DefaultMavenResourcesFiltering - Copying 1 resource from src\main\resources to target\classes
2023-04-22 01:51:26,568 [Worker-27: Building] INFO  o.a.m.s.f.DefaultMavenResourcesFiltering - skip non existing resourceDirectory D:\CLASES CICLO5\DESARROLLO DE APLICACIONES WEB I\MAVEN_SPRING_BD_SIN_DAO\crud-productos\src\test\resources
2023-04-22 01:55:20,455 [Worker-28: Building] INFO  o.a.m.s.f.DefaultMavenResourcesFiltering - Copying 0 resource from src\main\resources to target\classes
2023-04-22 01:55:20,456 [Worker-28: Building] INFO  o.a.m.s.f.DefaultMavenResourcesFiltering - Copying 1 resource from src\main\resources to target\classes
2023-04-22 01:55:20,464 [Worker-28: Building] INFO  o.a.m.s.f.DefaultMavenResourcesFiltering - skip non existing resourceDirectory D:\CLASES CICLO5\DESARROLLO DE APLICACIONES WEB I\MAVEN_SPRING_BD_SIN_DAO\crud-productos\src\test\resources
2023-04-22 01:58:16,891 [Worker-31: Building] INFO  o.a.m.s.f.DefaultMavenResourcesFiltering - Copying 0 resource from src\main\resources to target\classes
2023-04-22 01:58:16,892 [Worker-31: Building] INFO  o.a.m.s.f.DefaultMavenResourcesFiltering - Copying 1 resource from src\main\resources to target\classes
2023-04-22 01:58:16,902 [Worker-31: Building] INFO  o.a.m.s.f.DefaultMavenResourcesFiltering - skip non existing resourceDirectory D:\CLASES CICLO5\DESARROLLO DE APLICACIONES WEB I\MAVEN_SPRING_BD_SIN_DAO\crud-productos\src\test\resources
2023-04-22 02:05:08,453 [Worker-34: Building] INFO  o.a.m.s.f.DefaultMavenResourcesFiltering - Copying 0 resource from src\main\resources to target\classes
2023-04-22 02:05:08,454 [Worker-34: Building] INFO  o.a.m.s.f.DefaultMavenResourcesFiltering - Copying 1 resource from src\main\resources to target\classes
2023-04-22 02:05:08,465 [Worker-34: Building] INFO  o.a.m.s.f.DefaultMavenResourcesFiltering - skip non existing resourceDirectory D:\CLASES CICLO5\DESARROLLO DE APLICACIONES WEB I\MAVEN_SPRING_BD_SIN_DAO\crud-productos\src\test\resources
2023-04-22 02:06:38,666 [Worker-31: Building] INFO  o.a.m.s.f.DefaultMavenResourcesFiltering - Copying 0 resource from src\main\resources to target\classes
2023-04-22 02:06:38,667 [Worker-31: Building] INFO  o.a.m.s.f.DefaultMavenResourcesFiltering - Copying 1 resource from src\main\resources to target\classes
2023-04-22 02:06:38,679 [Worker-31: Building] INFO  o.a.m.s.f.DefaultMavenResourcesFiltering - skip non existing resourceDirectory D:\CLASES CICLO5\DESARROLLO DE APLICACIONES WEB I\MAVEN_SPRING_BD_SIN_DAO\crud-productos\src\test\resources
2023-04-22 02:07:54,110 [Worker-35: Building] INFO  o.a.m.s.f.DefaultMavenResourcesFiltering - Copying 0 resource from src\main\resources to target\classes
2023-04-22 02:07:54,111 [Worker-35: Building] INFO  o.a.m.s.f.DefaultMavenResourcesFiltering - Copying 1 resource from src\main\resources to target\classes
2023-04-22 02:07:54,121 [Worker-35: Building] INFO  o.a.m.s.f.DefaultMavenResourcesFiltering - skip non existing resourceDirectory D:\CLASES CICLO5\DESARROLLO DE APLICACIONES WEB I\MAVEN_SPRING_BD_SIN_DAO\crud-productos\src\test\resources
2023-04-22 02:08:15,390 [Worker-31: Building] INFO  o.a.m.s.f.DefaultMavenResourcesFiltering - Copying 0 resource from src\main\resources to target\classes
2023-04-22 02:08:15,391 [Worker-31: Building] INFO  o.a.m.s.f.DefaultMavenResourcesFiltering - Copying 1 resource from src\main\resources to target\classes
2023-04-22 02:08:15,402 [Worker-31: Building] INFO  o.a.m.s.f.DefaultMavenResourcesFiltering - skip non existing resourceDirectory D:\CLASES CICLO5\DESARROLLO DE APLICACIONES WEB I\MAVEN_SPRING_BD_SIN_DAO\crud-productos\src\test\resources
2023-04-22 02:11:36,185 [Worker-35: Building] INFO  o.a.m.s.f.DefaultMavenResourcesFiltering - Copying 1 resource from src\main\resources to target\classes
2023-04-22 02:11:36,195 [Worker-35: Building] INFO  o.a.m.s.f.DefaultMavenResourcesFiltering - Copying 2 resources from src\main\resources to target\classes
2023-04-22 02:11:36,202 [Worker-35: Building] INFO  o.a.m.s.f.DefaultMavenResourcesFiltering - skip non existing resourceDirectory D:\CLASES CICLO5\DESARROLLO DE APLICACIONES WEB I\MAVEN_SPRING_BD_SIN_DAO\crud-productos\src\test\resources
2023-04-22 02:11:58,616 [Worker-37: Building] INFO  o.a.m.s.f.DefaultMavenResourcesFiltering - Copying 0 resource from src\main\resources to target\classes
2023-04-22 02:11:58,617 [Worker-37: Building] INFO  o.a.m.s.f.DefaultMavenResourcesFiltering - Copying 1 resource from src\main\resources to target\classes
2023-04-22 02:11:58,627 [Worker-37: Building] INFO  o.a.m.s.f.DefaultMavenResourcesFiltering - skip non existing resourceDirectory D:\CLASES CICLO5\DESARROLLO DE APLICACIONES WEB I\MAVEN_SPRING_BD_SIN_DAO\crud-productos\src\test\resources
2023-04-22 02:13:29,815 [Worker-31: Building] INFO  o.a.m.s.f.DefaultMavenResourcesFiltering - Copying 0 resource from src\main\resources to target\classes
2023-04-22 02:13:29,815 [Worker-31: Building] INFO  o.a.m.s.f.DefaultMavenResourcesFiltering - Copying 1 resource from src\main\resources to target\classes
2023-04-22 02:13:29,826 [Worker-31: Building] INFO  o.a.m.s.f.DefaultMavenResourcesFiltering - skip non existing resourceDirectory D:\CLASES CICLO5\DESARROLLO DE APLICACIONES WEB I\MAVEN_SPRING_BD_SIN_DAO\crud-productos\src\test\resources
2023-04-22 02:15:38,646 [Worker-34: Building] INFO  o.a.m.s.f.DefaultMavenResourcesFiltering - Copying 0 resource from src\main\resources to target\classes
2023-04-22 02:15:38,646 [Worker-34: Building] INFO  o.a.m.s.f.DefaultMavenResourcesFiltering - Copying 1 resource from src\main\resources to target\classes
2023-04-22 02:15:38,655 [Worker-34: Building] INFO  o.a.m.s.f.DefaultMavenResourcesFiltering - skip non existing resourceDirectory D:\CLASES CICLO5\DESARROLLO DE APLICACIONES WEB I\MAVEN_SPRING_BD_SIN_DAO\crud-productos\src\test\resources
2023-04-22 02:20:02,093 [Worker-39: Building] INFO  o.a.m.s.f.DefaultMavenResourcesFiltering - Copying 0 resource from src\main\resources to target\classes
2023-04-22 02:20:02,094 [Worker-39: Building] INFO  o.a.m.s.f.DefaultMavenResourcesFiltering - Copying 1 resource from src\main\resources to target\classes
2023-04-22 02:20:02,103 [Worker-39: Building] INFO  o.a.m.s.f.DefaultMavenResourcesFiltering - skip non existing resourceDirectory D:\CLASES CICLO5\DESARROLLO DE APLICACIONES WEB I\MAVEN_SPRING_BD_SIN_DAO\crud-productos\src\test\resources
2023-04-22 02:21:28,748 [Worker-39: Building] INFO  o.a.m.s.f.DefaultMavenResourcesFiltering - Copying 1 resource from src\main\resources to target\classes
2023-04-22 02:21:28,757 [Worker-39: Building] INFO  o.a.m.s.f.DefaultMavenResourcesFiltering - Copying 2 resources from src\main\resources to target\classes
2023-04-22 02:21:28,764 [Worker-39: Building] INFO  o.a.m.s.f.DefaultMavenResourcesFiltering - skip non existing resourceDirectory D:\CLASES CICLO5\DESARROLLO DE APLICACIONES WEB I\MAVEN_SPRING_BD_SIN_DAO\crud-productos\src\test\resources
2023-04-22 02:21:38,143 [Worker-28: Building] INFO  o.a.m.s.f.DefaultMavenResourcesFiltering - Copying 0 resource from src\main\resources to target\classes
2023-04-22 02:21:38,144 [Worker-28: Building] INFO  o.a.m.s.f.DefaultMavenResourcesFiltering - Copying 1 resource from src\main\resources to target\classes
2023-04-22 02:21:38,152 [Worker-28: Building] INFO  o.a.m.s.f.DefaultMavenResourcesFiltering - skip non existing resourceDirectory D:\CLASES CICLO5\DESARROLLO DE APLICACIONES WEB I\MAVEN_SPRING_BD_SIN_DAO\crud-productos\src\test\resources
2023-04-22 02:25:17,567 [Worker-39: Building] INFO  o.a.m.s.f.DefaultMavenResourcesFiltering - Copying 0 resource from src\main\resources to target\classes
2023-04-22 02:25:17,568 [Worker-39: Building] INFO  o.a.m.s.f.DefaultMavenResourcesFiltering - Copying 1 resource from src\main\resources to target\classes
2023-04-22 02:25:17,577 [Worker-39: Building] INFO  o.a.m.s.f.DefaultMavenResourcesFiltering - skip non existing resourceDirectory D:\CLASES CICLO5\DESARROLLO DE APLICACIONES WEB I\MAVEN_SPRING_BD_SIN_DAO\crud-productos\src\test\resources
2023-04-22 02:25:32,688 [Worker-41: Building] INFO  o.a.m.s.f.DefaultMavenResourcesFiltering - Copying 0 resource from src\main\resources to target\classes
2023-04-22 02:25:32,689 [Worker-41: Building] INFO  o.a.m.s.f.DefaultMavenResourcesFiltering - Copying 1 resource from src\main\resources to target\classes
2023-04-22 02:25:32,700 [Worker-41: Building] INFO  o.a.m.s.f.DefaultMavenResourcesFiltering - skip non existing resourceDirectory D:\CLASES CICLO5\DESARROLLO DE APLICACIONES WEB I\MAVEN_SPRING_BD_SIN_DAO\crud-productos\src\test\resources
2023-04-22 02:30:55,385 [Worker-42: Building] INFO  o.a.m.s.f.DefaultMavenResourcesFiltering - Copying 0 resource from src\main\resources to target\classes
2023-04-22 02:30:55,385 [Worker-42: Building] INFO  o.a.m.s.f.DefaultMavenResourcesFiltering - Copying 1 resource from src\main\resources to target\classes
2023-04-22 02:30:55,394 [Worker-42: Building] INFO  o.a.m.s.f.DefaultMavenResourcesFiltering - skip non existing resourceDirectory D:\CLASES CICLO5\DESARROLLO DE APLICACIONES WEB I\MAVEN_SPRING_BD_SIN_DAO\crud-productos\src\test\resources
2023-04-22 02:31:49,858 [Worker-44: Building] INFO  o.a.m.s.f.DefaultMavenResourcesFiltering - Copying 0 resource from src\main\resources to target\classes
2023-04-22 02:31:49,859 [Worker-44: Building] INFO  o.a.m.s.f.DefaultMavenResourcesFiltering - Copying 1 resource from src\main\resources to target\classes
2023-04-22 02:31:49,867 [Worker-44: Building] INFO  o.a.m.s.f.DefaultMavenResourcesFiltering - skip non existing resourceDirectory D:\CLASES CICLO5\DESARROLLO DE APLICACIONES WEB I\MAVEN_SPRING_BD_SIN_DAO\crud-productos\src\test\resources
2023-04-22 02:33:11,714 [Worker-44: Building] INFO  o.a.m.s.f.DefaultMavenResourcesFiltering - Copying 0 resource from src\main\resources to target\classes
2023-04-22 02:33:11,715 [Worker-44: Building] INFO  o.a.m.s.f.DefaultMavenResourcesFiltering - Copying 1 resource from src\main\resources to target\classes
2023-04-22 02:33:11,726 [Worker-44: Building] INFO  o.a.m.s.f.DefaultMavenResourcesFiltering - skip non existing resourceDirectory D:\CLASES CICLO5\DESARROLLO DE APLICACIONES WEB I\MAVEN_SPRING_BD_SIN_DAO\crud-productos\src\test\resources
2023-04-22 02:34:14,951 [Worker-42: Building] INFO  o.a.m.s.f.DefaultMavenResourcesFiltering - Copying 0 resource from src\main\resources to target\classes
2023-04-22 02:34:14,951 [Worker-42: Building] INFO  o.a.m.s.f.DefaultMavenResourcesFiltering - Copying 1 resource from src\main\resources to target\classes
2023-04-22 02:34:14,961 [Worker-42: Building] INFO  o.a.m.s.f.DefaultMavenResourcesFiltering - skip non existing resourceDirectory D:\CLASES CICLO5\DESARROLLO DE APLICACIONES WEB I\MAVEN_SPRING_BD_SIN_DAO\crud-productos\src\test\resources
2023-04-22 02:35:05,662 [Worker-42: Building] INFO  o.a.m.s.f.DefaultMavenResourcesFiltering - Copying 0 resource from src\main\resources to target\classes
2023-04-22 02:35:05,663 [Worker-42: Building] INFO  o.a.m.s.f.DefaultMavenResourcesFiltering - Copying 1 resource from src\main\resources to target\classes
2023-04-22 02:35:05,672 [Worker-42: Building] INFO  o.a.m.s.f.DefaultMavenResourcesFiltering - skip non existing resourceDirectory D:\CLASES CICLO5\DESARROLLO DE APLICACIONES WEB I\MAVEN_SPRING_BD_SIN_DAO\crud-productos\src\test\resources
2023-04-22 02:35:52,365 [Worker-46: Building] INFO  o.a.m.s.f.DefaultMavenResourcesFiltering - Copying 0 resource from src\main\resources to target\classes
2023-04-22 02:35:52,366 [Worker-46: Building] INFO  o.a.m.s.f.DefaultMavenResourcesFiltering - Copying 1 resource from src\main\resources to target\classes
2023-04-22 02:35:52,377 [Worker-46: Building] INFO  o.a.m.s.f.DefaultMavenResourcesFiltering - skip non existing resourceDirectory D:\CLASES CICLO5\DESARROLLO DE APLICACIONES WEB I\MAVEN_SPRING_BD_SIN_DAO\crud-productos\src\test\resources
2023-04-22 02:37:23,445 [Worker-46: Building] INFO  o.a.m.s.f.DefaultMavenResourcesFiltering - Copying 0 resource from src\main\resources to target\classes
2023-04-22 02:37:23,445 [Worker-46: Building] INFO  o.a.m.s.f.DefaultMavenResourcesFiltering - Copying 1 resource from src\main\resources to target\classes
2023-04-22 02:37:23,455 [Worker-46: Building] INFO  o.a.m.s.f.DefaultMavenResourcesFiltering - skip non existing resourceDirectory D:\CLASES CICLO5\DESARROLLO DE APLICACIONES WEB I\MAVEN_SPRING_BD_SIN_DAO\crud-productos\src\test\resources
2023-04-22 02:39:10,418 [Worker-42: Building] INFO  o.a.m.s.f.DefaultMavenResourcesFiltering - Copying 0 resource from src\main\resources to target\classes
2023-04-22 02:39:10,419 [Worker-42: Building] INFO  o.a.m.s.f.DefaultMavenResourcesFiltering - Copying 1 resource from src\main\resources to target\classes
2023-04-22 02:39:10,428 [Worker-42: Building] INFO  o.a.m.s.f.DefaultMavenResourcesFiltering - skip non existing resourceDirectory D:\CLASES CICLO5\DESARROLLO DE APLICACIONES WEB I\MAVEN_SPRING_BD_SIN_DAO\crud-productos\src\test\resources
2023-04-22 02:40:43,949 [Worker-45: Building] INFO  o.a.m.s.f.DefaultMavenResourcesFiltering - Copying 0 resource from src\main\resources to target\classes
2023-04-22 02:40:43,950 [Worker-45: Building] INFO  o.a.m.s.f.DefaultMavenResourcesFiltering - Copying 1 resource from src\main\resources to target\classes
2023-04-22 02:40:43,958 [Worker-45: Building] INFO  o.a.m.s.f.DefaultMavenResourcesFiltering - skip non existing resourceDirectory D:\CLASES CICLO5\DESARROLLO DE APLICACIONES WEB I\MAVEN_SPRING_BD_SIN_DAO\crud-productos\src\test\resources
2023-04-22 02:41:18,700 [Worker-41: Building] INFO  o.a.m.s.f.DefaultMavenResourcesFiltering - Copying 0 resource from src\main\resources to target\classes
2023-04-22 02:41:18,701 [Worker-41: Building] INFO  o.a.m.s.f.DefaultMavenResourcesFiltering - Copying 1 resource from src\main\resources to target\classes
2023-04-22 02:41:18,709 [Worker-41: Building] INFO  o.a.m.s.f.DefaultMavenResourcesFiltering - skip non existing resourceDirectory D:\CLASES CICLO5\DESARROLLO DE APLICACIONES WEB I\MAVEN_SPRING_BD_SIN_DAO\crud-productos\src\test\resources
2023-04-22 02:41:43,514 [Worker-48: Building] INFO  o.a.m.s.f.DefaultMavenResourcesFiltering - Copying 0 resource from src\main\resources to target\classes
2023-04-22 02:41:43,515 [Worker-48: Building] INFO  o.a.m.s.f.DefaultMavenResourcesFiltering - Copying 1 resource from src\main\resources to target\classes
2023-04-22 02:41:43,524 [Worker-48: Building] INFO  o.a.m.s.f.DefaultMavenResourcesFiltering - skip non existing resourceDirectory D:\CLASES CICLO5\DESARROLLO DE APLICACIONES WEB I\MAVEN_SPRING_BD_SIN_DAO\crud-productos\src\test\resources
2023-04-22 02:42:47,044 [Worker-48: Building] INFO  o.a.m.s.f.DefaultMavenResourcesFiltering - Copying 0 resource from src\main\resources to target\classes
2023-04-22 02:42:47,045 [Worker-48: Building] INFO  o.a.m.s.f.DefaultMavenResourcesFiltering - Copying 1 resource from src\main\resources to target\classes
2023-04-22 02:42:47,054 [Worker-48: Building] INFO  o.a.m.s.f.DefaultMavenResourcesFiltering - skip non existing resourceDirectory D:\CLASES CICLO5\DESARROLLO DE APLICACIONES WEB I\MAVEN_SPRING_BD_SIN_DAO\crud-productos\src\test\resources
2023-04-22 15:14:22,567 [Worker-6: Loading available Gradle versions] INFO  o.e.b.c.i.u.g.PublishedGradleVersions - Gradle version information cache is out-of-date. Trying to update.
2023-04-22 16:47:10,015 [Worker-5: Loading available Gradle versions] INFO  o.e.b.c.i.u.g.PublishedGradleVersions - Gradle version information cache is up-to-date. Trying to read.
2023-04-22 16:53:59,050 [Worker-16: Building] INFO  o.a.m.s.f.DefaultMavenResourcesFiltering - Copying 1 resource from src\main\resources to target\classes
2023-04-22 16:53:59,095 [Worker-16: Building] INFO  o.a.m.s.f.DefaultMavenResourcesFiltering - Copying 2 resources from src\main\resources to target\classes
2023-04-22 16:53:59,111 [Worker-16: Building] INFO  o.a.m.s.f.DefaultMavenResourcesFiltering - skip non existing resourceDirectory D:\CLASES CICLO5\DESARROLLO DE APLICACIONES WEB I\MAVEN_SPRING_BD_SIN_DAO\crud-productos\src\test\resources
2023-04-22 16:58:21,211 [Worker-0: Building] INFO  o.a.m.s.f.DefaultMavenResourcesFiltering - Copying 0 resource from src\main\resources to target\classes
2023-04-22 16:58:21,212 [Worker-0: Building] INFO  o.a.m.s.f.DefaultMavenResourcesFiltering - Copying 1 resource from src\main\resources to target\classes
2023-04-22 16:58:21,223 [Worker-0: Building] INFO  o.a.m.s.f.DefaultMavenResourcesFiltering - skip non existing resourceDirectory D:\CLASES CICLO5\DESARROLLO DE APLICACIONES WEB I\MAVEN_SPRING_BD_SIN_DAO\crud-productos\src\test\resources
2023-04-22 17:07:18,690 [Worker-0: Building] INFO  o.a.m.s.f.DefaultMavenResourcesFiltering - Copying 1 resource from src\main\resources to target\classes
2023-04-22 17:07:18,701 [Worker-0: Building] INFO  o.a.m.s.f.DefaultMavenResourcesFiltering - Copying 2 resources from src\main\resources to target\classes
2023-04-22 17:07:18,711 [Worker-0: Building] INFO  o.a.m.s.f.DefaultMavenResourcesFiltering - skip non existing resourceDirectory D:\CLASES CICLO5\DESARROLLO DE APLICACIONES WEB I\MAVEN_SPRING_BD_SIN_DAO\crud-productos\src\test\resources
2023-04-22 17:10:17,710 [Worker-24: Building] INFO  o.a.m.s.f.DefaultMavenResourcesFiltering - Copying 1 resource from src\main\resources to target\classes
2023-04-22 17:10:17,720 [Worker-24: Building] INFO  o.a.m.s.f.DefaultMavenResourcesFiltering - Copying 2 resources from src\main\resources to target\classes
2023-04-22 17:10:17,727 [Worker-24: Building] INFO  o.a.m.s.f.DefaultMavenResourcesFiltering - skip non existing resourceDirectory D:\CLASES CICLO5\DESARROLLO DE APLICACIONES WEB I\MAVEN_SPRING_BD_SIN_DAO\crud-productos\src\test\resources
2023-04-22 17:18:43,475 [Worker-22: Building] INFO  o.a.m.s.f.DefaultMavenResourcesFiltering - Copying 1 resource from src\main\resources to target\classes
2023-04-22 17:18:43,484 [Worker-22: Building] INFO  o.a.m.s.f.DefaultMavenResourcesFiltering - Copying 2 resources from src\main\resources to target\classes
2023-04-22 17:18:43,490 [Worker-22: Building] INFO  o.a.m.s.f.DefaultMavenResourcesFiltering - skip non existing resourceDirectory D:\CLASES CICLO5\DESARROLLO DE APLICACIONES WEB I\MAVEN_SPRING_BD_SIN_DAO\crud-productos\src\test\resources
2023-04-22 17:22:44,792 [Worker-27: Building] INFO  o.a.m.s.f.DefaultMavenResourcesFiltering - Copying 0 resource from src\main\resources to target\classes
2023-04-22 17:22:44,793 [Worker-27: Building] INFO  o.a.m.s.f.DefaultMavenResourcesFiltering - Copying 1 resource from src\main\resources to target\classes
2023-04-22 17:22:44,804 [Worker-27: Building] INFO  o.a.m.s.f.DefaultMavenResourcesFiltering - skip non existing resourceDirectory D:\CLASES CICLO5\DESARROLLO DE APLICACIONES WEB I\MAVEN_SPRING_BD_SIN_DAO\crud-productos\src\test\resources
2023-04-22 17:26:01,331 [Worker-32: Building] INFO  o.a.m.s.f.DefaultMavenResourcesFiltering - Copying 1 resource from src\main\resources to target\classes
2023-04-22 17:26:01,341 [Worker-32: Building] INFO  o.a.m.s.f.DefaultMavenResourcesFiltering - Copying 2 resources from src\main\resources to target\classes
2023-04-22 17:26:01,349 [Worker-32: Building] INFO  o.a.m.s.f.DefaultMavenResourcesFiltering - skip non existing resourceDirectory D:\CLASES CICLO5\DESARROLLO DE APLICACIONES WEB I\MAVEN_SPRING_BD_SIN_DAO\crud-productos\src\test\resources
2023-04-22 17:27:15,868 [Worker-33: Building] INFO  o.a.m.s.f.DefaultMavenResourcesFiltering - Copying 1 resource from src\main\resources to target\classes
2023-04-22 17:27:15,877 [Worker-33: Building] INFO  o.a.m.s.f.DefaultMavenResourcesFiltering - Copying 2 resources from src\main\resources to target\classes
2023-04-22 17:27:15,890 [Worker-33: Building] INFO  o.a.m.s.f.DefaultMavenResourcesFiltering - skip non existing resourceDirectory D:\CLASES CICLO5\DESARROLLO DE APLICACIONES WEB I\MAVEN_SPRING_BD_SIN_DAO\crud-productos\src\test\resources
2023-04-22 17:30:52,737 [Worker-31: Building] INFO  o.a.m.s.f.DefaultMavenResourcesFiltering - Copying 1 resource from src\main\resources to target\classes
2023-04-22 17:30:52,754 [Worker-31: Building] INFO  o.a.m.s.f.DefaultMavenResourcesFiltering - Copying 2 resources from src\main\resources to target\classes
2023-04-22 17:30:52,762 [Worker-31: Building] INFO  o.a.m.s.f.DefaultMavenResourcesFiltering - skip non existing resourceDirectory D:\CLASES CICLO5\DESARROLLO DE APLICACIONES WEB I\MAVEN_SPRING_BD_SIN_DAO\crud-productos\src\test\resources
2023-04-22 17:32:38,666 [Worker-6: Loading available Gradle versions] INFO  o.e.b.c.i.u.g.PublishedGradleVersions - Gradle version information cache is up-to-date. Trying to read.
2023-04-22 17:38:36,754 [Worker-13: Building] INFO  o.a.m.s.f.DefaultMavenResourcesFiltering - Copying 1 resource from src\main\resources to target\classes
2023-04-22 17:38:36,787 [Worker-13: Building] INFO  o.a.m.s.f.DefaultMavenResourcesFiltering - Copying 2 resources from src\main\resources to target\classes
2023-04-22 17:38:36,803 [Worker-13: Building] INFO  o.a.m.s.f.DefaultMavenResourcesFiltering - skip non existing resourceDirectory D:\CLASES CICLO5\DESARROLLO DE APLICACIONES WEB I\MAVEN_SPRING_BD_SIN_DAO\crud-productos\src\test\resources
2023-04-22 17:48:54,461 [Worker-19: Building] INFO  o.a.m.s.f.DefaultMavenResourcesFiltering - Copying 0 resource from src\main\resources to target\classes
2023-04-22 17:48:54,463 [Worker-19: Building] INFO  o.a.m.s.f.DefaultMavenResourcesFiltering - Copying 1 resource from src\main\resources to target\classes
2023-04-22 17:48:54,475 [Worker-19: Building] INFO  o.a.m.s.f.DefaultMavenResourcesFiltering - skip non existing resourceDirectory D:\CLASES CICLO5\DESARROLLO DE APLICACIONES WEB I\MAVEN_SPRING_BD_SIN_DAO\crud-productos\src\test\resources
2023-04-22 17:56:04,629 [Worker-15: Building] INFO  o.a.m.s.f.DefaultMavenResourcesFiltering - Copying 1 resource from src\main\resources to target\classes
2023-04-22 17:56:04,639 [Worker-15: Building] INFO  o.a.m.s.f.DefaultMavenResourcesFiltering - Copying 2 resources from src\main\resources to target\classes
2023-04-22 17:56:04,647 [Worker-15: Building] INFO  o.a.m.s.f.DefaultMavenResourcesFiltering - skip non existing resourceDirectory D:\CLASES CICLO5\DESARROLLO DE APLICACIONES WEB I\MAVEN_SPRING_BD_SIN_DAO\crud-productos\src\test\resources
2023-04-22 17:57:50,835 [Worker-15: Updating Maven Project] INFO  o.e.m.c.i.p.ProjectConfigurationManager - Update started
2023-04-22 17:57:51,786 [Worker-15: Updating Maven Project] INFO  o.e.m.c.i.l.LifecycleMappingFactory - Using org.eclipse.m2e.jdt.JarLifecycleMapping lifecycle mapping for MavenProject: com.crud:crud-productos:0.0.1-SNAPSHOT @ D:\CLASES CICLO5\DESARROLLO DE APLICACIONES WEB I\MAVEN_SPRING_BD_SIN_DAO\crud-productos\pom.xml.
2023-04-22 17:57:53,297 [Worker-15: Updating Maven Project] INFO  o.e.m.j.i.AbstractJavaProjectConfigurator - Adding source folder /crud-productos/src/main/java
2023-04-22 17:57:53,298 [Worker-15: Updating Maven Project] INFO  o.e.m.j.i.AbstractJavaProjectConfigurator - Adding resource folder /crud-productos/src/main/resources
2023-04-22 17:57:53,298 [Worker-15: Updating Maven Project] INFO  o.e.m.j.i.AbstractJavaProjectConfigurator - Adding resource folder /crud-productos/src/main/resources
2023-04-22 17:57:53,299 [Worker-15: Updating Maven Project] INFO  o.e.m.j.i.AbstractJavaProjectConfigurator - Adding source folder /crud-productos/src/test/java
2023-04-22 17:57:54,372 [Worker-15: Updating Maven Project] INFO  o.e.m.c.i.p.ProjectConfigurationManager - Update completed for 1 poms: local refresh takes 0.00 sec, refresh facades takes 2.00 sec, update config takes 0.00 sec 
2023-04-22 17:57:54,910 [Worker-26: Building] INFO  o.a.m.s.f.DefaultMavenResourcesFiltering - Copying 1 resource from src\main\resources to target\classes
2023-04-22 17:57:54,945 [Worker-26: Building] INFO  o.a.m.s.f.DefaultMavenResourcesFiltering - Copying 2 resources from src\main\resources to target\classes
2023-04-22 17:57:54,957 [Worker-26: Building] INFO  o.a.m.s.f.DefaultMavenResourcesFiltering - skip non existing resourceDirectory D:\CLASES CICLO5\DESARROLLO DE APLICACIONES WEB I\MAVEN_SPRING_BD_SIN_DAO\crud-productos\src\test\resources
2023-04-22 18:00:52,398 [Worker-24: Building] INFO  o.a.m.s.f.DefaultMavenResourcesFiltering - Copying 0 resource from src\main\resources to target\classes
2023-04-22 18:00:52,399 [Worker-24: Building] INFO  o.a.m.s.f.DefaultMavenResourcesFiltering - Copying 1 resource from src\main\resources to target\classes
2023-04-22 18:00:52,410 [Worker-24: Building] INFO  o.a.m.s.f.DefaultMavenResourcesFiltering - skip non existing resourceDirectory D:\CLASES CICLO5\DESARROLLO DE APLICACIONES WEB I\MAVEN_SPRING_BD_SIN_DAO\crud-productos\src\test\resources
2023-04-22 18:02:45,667 [Worker-24: Building] INFO  o.a.m.s.f.DefaultMavenResourcesFiltering - Copying 0 resource from src\main\resources to target\classes
2023-04-22 18:02:45,668 [Worker-24: Building] INFO  o.a.m.s.f.DefaultMavenResourcesFiltering - Copying 1 resource from src\main\resources to target\classes
2023-04-22 18:02:45,676 [Worker-24: Building] INFO  o.a.m.s.f.DefaultMavenResourcesFiltering - skip non existing resourceDirectory D:\CLASES CICLO5\DESARROLLO DE APLICACIONES WEB I\MAVEN_SPRING_BD_SIN_DAO\crud-productos\src\test\resources
2023-04-22 18:03:22,121 [Worker-29: Building] INFO  o.a.m.s.f.DefaultMavenResourcesFiltering - Copying 0 resource from src\main\resources to target\classes
2023-04-22 18:03:22,122 [Worker-29: Building] INFO  o.a.m.s.f.DefaultMavenResourcesFiltering - Copying 1 resource from src\main\resources to target\classes
2023-04-22 18:03:22,132 [Worker-29: Building] INFO  o.a.m.s.f.DefaultMavenResourcesFiltering - skip non existing resourceDirectory D:\CLASES CICLO5\DESARROLLO DE APLICACIONES WEB I\MAVEN_SPRING_BD_SIN_DAO\crud-productos\src\test\resources
2023-04-22 18:06:07,061 [Worker-24: Building] INFO  o.a.m.s.f.DefaultMavenResourcesFiltering - Copying 0 resource from src\main\resources to target\classes
2023-04-22 18:06:07,061 [Worker-24: Building] INFO  o.a.m.s.f.DefaultMavenResourcesFiltering - Copying 1 resource from src\main\resources to target\classes
2023-04-22 18:06:07,073 [Worker-24: Building] INFO  o.a.m.s.f.DefaultMavenResourcesFiltering - skip non existing resourceDirectory D:\CLASES CICLO5\DESARROLLO DE APLICACIONES WEB I\MAVEN_SPRING_BD_SIN_DAO\crud-productos\src\test\resources
2023-04-22 18:06:39,267 [Worker-24: Building] INFO  o.a.m.s.f.DefaultMavenResourcesFiltering - Copying 0 resource from src\main\resources to target\classes
2023-04-22 18:06:39,287 [Worker-24: Building] INFO  o.a.m.s.f.DefaultMavenResourcesFiltering - Copying 1 resource from src\main\resources to target\classes
2023-04-22 18:06:39,299 [Worker-24: Building] INFO  o.a.m.s.f.DefaultMavenResourcesFiltering - skip non existing resourceDirectory D:\CLASES CICLO5\DESARROLLO DE APLICACIONES WEB I\MAVEN_SPRING_BD_SIN_DAO\crud-productos\src\test\resources
2023-04-22 18:06:57,063 [Worker-24: Building] INFO  o.a.m.s.f.DefaultMavenResourcesFiltering - Copying 0 resource from src\main\resources to target\classes
2023-04-22 18:06:57,064 [Worker-24: Building] INFO  o.a.m.s.f.DefaultMavenResourcesFiltering - Copying 1 resource from src\main\resources to target\classes
2023-04-22 18:06:57,075 [Worker-24: Building] INFO  o.a.m.s.f.DefaultMavenResourcesFiltering - skip non existing resourceDirectory D:\CLASES CICLO5\DESARROLLO DE APLICACIONES WEB I\MAVEN_SPRING_BD_SIN_DAO\crud-productos\src\test\resources
2023-04-22 18:08:24,247 [Worker-32: Building] INFO  o.a.m.s.f.DefaultMavenResourcesFiltering - Copying 0 resource from src\main\resources to target\classes
2023-04-22 18:08:24,247 [Worker-32: Building] INFO  o.a.m.s.f.DefaultMavenResourcesFiltering - Copying 1 resource from src\main\resources to target\classes
2023-04-22 18:08:24,259 [Worker-32: Building] INFO  o.a.m.s.f.DefaultMavenResourcesFiltering - skip non existing resourceDirectory D:\CLASES CICLO5\DESARROLLO DE APLICACIONES WEB I\MAVEN_SPRING_BD_SIN_DAO\crud-productos\src\test\resources
2023-04-22 18:09:37,119 [Worker-34: Building] INFO  o.a.m.s.f.DefaultMavenResourcesFiltering - Copying 1 resource from src\main\resources to target\classes
2023-04-22 18:09:37,134 [Worker-34: Building] INFO  o.a.m.s.f.DefaultMavenResourcesFiltering - Copying 3 resources from src\main\resources to target\classes
2023-04-22 18:09:37,150 [Worker-34: Building] INFO  o.a.m.s.f.DefaultMavenResourcesFiltering - skip non existing resourceDirectory D:\CLASES CICLO5\DESARROLLO DE APLICACIONES WEB I\MAVEN_SPRING_BD_SIN_DAO\crud-productos\src\test\resources
2023-04-22 18:11:27,677 [Worker-32: Building] INFO  o.a.m.s.f.DefaultMavenResourcesFiltering - Copying 0 resource from src\main\resources to target\classes
2023-04-22 18:11:27,677 [Worker-32: Building] INFO  o.a.m.s.f.DefaultMavenResourcesFiltering - Copying 1 resource from src\main\resources to target\classes
2023-04-22 18:11:27,686 [Worker-32: Building] INFO  o.a.m.s.f.DefaultMavenResourcesFiltering - skip non existing resourceDirectory D:\CLASES CICLO5\DESARROLLO DE APLICACIONES WEB I\MAVEN_SPRING_BD_SIN_DAO\crud-productos\src\test\resources
2023-04-22 18:12:35,765 [Worker-24: Building] INFO  o.a.m.s.f.DefaultMavenResourcesFiltering - Copying 0 resource from src\main\resources to target\classes
2023-04-22 18:12:35,766 [Worker-24: Building] INFO  o.a.m.s.f.DefaultMavenResourcesFiltering - Copying 1 resource from src\main\resources to target\classes
2023-04-22 18:12:35,776 [Worker-24: Building] INFO  o.a.m.s.f.DefaultMavenResourcesFiltering - skip non existing resourceDirectory D:\CLASES CICLO5\DESARROLLO DE APLICACIONES WEB I\MAVEN_SPRING_BD_SIN_DAO\crud-productos\src\test\resources
2023-04-22 18:13:33,711 [Worker-24: Building] INFO  o.a.m.s.f.DefaultMavenResourcesFiltering - Copying 1 resource from src\main\resources to target\classes
2023-04-22 18:13:33,721 [Worker-24: Building] INFO  o.a.m.s.f.DefaultMavenResourcesFiltering - Copying 3 resources from src\main\resources to target\classes
2023-04-22 18:13:33,731 [Worker-24: Building] INFO  o.a.m.s.f.DefaultMavenResourcesFiltering - skip non existing resourceDirectory D:\CLASES CICLO5\DESARROLLO DE APLICACIONES WEB I\MAVEN_SPRING_BD_SIN_DAO\crud-productos\src\test\resources
2023-04-22 18:14:39,925 [Worker-35: Building] INFO  o.a.m.s.f.DefaultMavenResourcesFiltering - Copying 1 resource from src\main\resources to target\classes
2023-04-22 18:14:39,934 [Worker-35: Building] INFO  o.a.m.s.f.DefaultMavenResourcesFiltering - Copying 3 resources from src\main\resources to target\classes
2023-04-22 18:14:39,943 [Worker-35: Building] INFO  o.a.m.s.f.DefaultMavenResourcesFiltering - skip non existing resourceDirectory D:\CLASES CICLO5\DESARROLLO DE APLICACIONES WEB I\MAVEN_SPRING_BD_SIN_DAO\crud-productos\src\test\resources
2023-04-22 18:15:11,832 [Worker-32: Building] INFO  o.a.m.s.f.DefaultMavenResourcesFiltering - Copying 1 resource from src\main\resources to target\classes
2023-04-22 18:15:11,840 [Worker-32: Building] INFO  o.a.m.s.f.DefaultMavenResourcesFiltering - Copying 3 resources from src\main\resources to target\classes
2023-04-22 18:15:11,850 [Worker-32: Building] INFO  o.a.m.s.f.DefaultMavenResourcesFiltering - skip non existing resourceDirectory D:\CLASES CICLO5\DESARROLLO DE APLICACIONES WEB I\MAVEN_SPRING_BD_SIN_DAO\crud-productos\src\test\resources
2023-04-22 18:15:45,078 [Worker-35: Building] INFO  o.a.m.s.f.DefaultMavenResourcesFiltering - Copying 1 resource from src\main\resources to target\classes
2023-04-22 18:15:45,087 [Worker-35: Building] INFO  o.a.m.s.f.DefaultMavenResourcesFiltering - Copying 3 resources from src\main\resources to target\classes
2023-04-22 18:15:45,096 [Worker-35: Building] INFO  o.a.m.s.f.DefaultMavenResourcesFiltering - skip non existing resourceDirectory D:\CLASES CICLO5\DESARROLLO DE APLICACIONES WEB I\MAVEN_SPRING_BD_SIN_DAO\crud-productos\src\test\resources
2023-04-22 18:17:15,746 [Worker-36: Building] INFO  o.a.m.s.f.DefaultMavenResourcesFiltering - Copying 1 resource from src\main\resources to target\classes
2023-04-22 18:17:15,756 [Worker-36: Building] INFO  o.a.m.s.f.DefaultMavenResourcesFiltering - Copying 3 resources from src\main\resources to target\classes
2023-04-22 18:17:15,765 [Worker-36: Building] INFO  o.a.m.s.f.DefaultMavenResourcesFiltering - skip non existing resourceDirectory D:\CLASES CICLO5\DESARROLLO DE APLICACIONES WEB I\MAVEN_SPRING_BD_SIN_DAO\crud-productos\src\test\resources
2023-04-22 18:18:19,697 [Worker-24: Building] INFO  o.a.m.s.f.DefaultMavenResourcesFiltering - Copying 1 resource from src\main\resources to target\classes
2023-04-22 18:18:19,711 [Worker-24: Building] INFO  o.a.m.s.f.DefaultMavenResourcesFiltering - Copying 3 resources from src\main\resources to target\classes
2023-04-22 18:18:19,720 [Worker-24: Building] INFO  o.a.m.s.f.DefaultMavenResourcesFiltering - skip non existing resourceDirectory D:\CLASES CICLO5\DESARROLLO DE APLICACIONES WEB I\MAVEN_SPRING_BD_SIN_DAO\crud-productos\src\test\resources
2023-04-22 18:19:01,438 [Worker-37: Building] INFO  o.a.m.s.f.DefaultMavenResourcesFiltering - Copying 1 resource from src\main\resources to target\classes
2023-04-22 18:19:01,446 [Worker-37: Building] INFO  o.a.m.s.f.DefaultMavenResourcesFiltering - Copying 3 resources from src\main\resources to target\classes
2023-04-22 18:19:01,455 [Worker-37: Building] INFO  o.a.m.s.f.DefaultMavenResourcesFiltering - skip non existing resourceDirectory D:\CLASES CICLO5\DESARROLLO DE APLICACIONES WEB I\MAVEN_SPRING_BD_SIN_DAO\crud-productos\src\test\resources
2023-04-22 18:22:16,172 [Worker-32: Building] INFO  o.a.m.s.f.DefaultMavenResourcesFiltering - Copying 1 resource from src\main\resources to target\classes
2023-04-22 18:22:16,180 [Worker-32: Building] INFO  o.a.m.s.f.DefaultMavenResourcesFiltering - Copying 3 resources from src\main\resources to target\classes
2023-04-22 18:22:16,186 [Worker-32: Building] INFO  o.a.m.s.f.DefaultMavenResourcesFiltering - skip non existing resourceDirectory D:\CLASES CICLO5\DESARROLLO DE APLICACIONES WEB I\MAVEN_SPRING_BD_SIN_DAO\crud-productos\src\test\resources
2023-04-22 18:22:36,979 [Worker-35: Building] INFO  o.a.m.s.f.DefaultMavenResourcesFiltering - Copying 0 resource from src\main\resources to target\classes
2023-04-22 18:22:36,980 [Worker-35: Building] INFO  o.a.m.s.f.DefaultMavenResourcesFiltering - Copying 1 resource from src\main\resources to target\classes
2023-04-22 18:22:36,989 [Worker-35: Building] INFO  o.a.m.s.f.DefaultMavenResourcesFiltering - skip non existing resourceDirectory D:\CLASES CICLO5\DESARROLLO DE APLICACIONES WEB I\MAVEN_SPRING_BD_SIN_DAO\crud-productos\src\test\resources
2023-04-22 18:24:15,691 [Worker-41: Building] INFO  o.a.m.s.f.DefaultMavenResourcesFiltering - Copying 0 resource from src\main\resources to target\classes
2023-04-22 18:24:15,692 [Worker-41: Building] INFO  o.a.m.s.f.DefaultMavenResourcesFiltering - Copying 1 resource from src\main\resources to target\classes
2023-04-22 18:24:15,701 [Worker-41: Building] INFO  o.a.m.s.f.DefaultMavenResourcesFiltering - skip non existing resourceDirectory D:\CLASES CICLO5\DESARROLLO DE APLICACIONES WEB I\MAVEN_SPRING_BD_SIN_DAO\crud-productos\src\test\resources
2023-04-22 18:25:00,216 [Worker-24: Building] INFO  o.a.m.s.f.DefaultMavenResourcesFiltering - Copying 0 resource from src\main\resources to target\classes
2023-04-22 18:25:00,217 [Worker-24: Building] INFO  o.a.m.s.f.DefaultMavenResourcesFiltering - Copying 1 resource from src\main\resources to target\classes
2023-04-22 18:25:00,226 [Worker-24: Building] INFO  o.a.m.s.f.DefaultMavenResourcesFiltering - skip non existing resourceDirectory D:\CLASES CICLO5\DESARROLLO DE APLICACIONES WEB I\MAVEN_SPRING_BD_SIN_DAO\crud-productos\src\test\resources
2023-04-22 18:27:13,517 [Worker-40: Building] INFO  o.a.m.s.f.DefaultMavenResourcesFiltering - Copying 0 resource from src\main\resources to target\classes
2023-04-22 18:27:13,517 [Worker-40: Building] INFO  o.a.m.s.f.DefaultMavenResourcesFiltering - Copying 1 resource from src\main\resources to target\classes
2023-04-22 18:27:13,525 [Worker-40: Building] INFO  o.a.m.s.f.DefaultMavenResourcesFiltering - skip non existing resourceDirectory D:\CLASES CICLO5\DESARROLLO DE APLICACIONES WEB I\MAVEN_SPRING_BD_SIN_DAO\crud-productos\src\test\resources
2023-04-22 18:34:44,029 [Worker-43: Building] INFO  o.a.m.s.f.DefaultMavenResourcesFiltering - Copying 0 resource from src\main\resources to target\classes
2023-04-22 18:34:44,030 [Worker-43: Building] INFO  o.a.m.s.f.DefaultMavenResourcesFiltering - Copying 1 resource from src\main\resources to target\classes
2023-04-22 18:34:44,038 [Worker-43: Building] INFO  o.a.m.s.f.DefaultMavenResourcesFiltering - skip non existing resourceDirectory D:\CLASES CICLO5\DESARROLLO DE APLICACIONES WEB I\MAVEN_SPRING_BD_SIN_DAO\crud-productos\src\test\resources
2023-04-22 18:35:09,546 [Worker-46: Building] INFO  o.a.m.s.f.DefaultMavenResourcesFiltering - Copying 0 resource from src\main\resources to target\classes
2023-04-22 18:35:09,547 [Worker-46: Building] INFO  o.a.m.s.f.DefaultMavenResourcesFiltering - Copying 1 resource from src\main\resources to target\classes
2023-04-22 18:35:09,555 [Worker-46: Building] INFO  o.a.m.s.f.DefaultMavenResourcesFiltering - skip non existing resourceDirectory D:\CLASES CICLO5\DESARROLLO DE APLICACIONES WEB I\MAVEN_SPRING_BD_SIN_DAO\crud-productos\src\test\resources
2023-04-22 22:21:35,883 [Worker-4: Loading available Gradle versions] INFO  o.e.b.c.i.u.g.PublishedGradleVersions - Gradle version information cache is up-to-date. Trying to read.
2023-04-22 23:02:55,865 [Worker-21: Building] INFO  o.a.m.s.f.DefaultMavenResourcesFiltering - Copying 1 resource from src\main\resources to target\classes
2023-04-22 23:02:55,931 [Worker-21: Building] INFO  o.a.m.s.f.DefaultMavenResourcesFiltering - Copying 3 resources from src\main\resources to target\classes
2023-04-22 23:02:55,945 [Worker-21: Building] INFO  o.a.m.s.f.DefaultMavenResourcesFiltering - skip non existing resourceDirectory D:\CLASES CICLO5\DESARROLLO DE APLICACIONES WEB I\MAVEN_SPRING_BD_SIN_DAO\crud-productos\src\test\resources
2023-04-22 23:03:05,967 [Worker-21: Building] INFO  o.a.m.s.f.DefaultMavenResourcesFiltering - Copying 1 resource from src\main\resources to target\classes
2023-04-22 23:03:05,977 [Worker-21: Building] INFO  o.a.m.s.f.DefaultMavenResourcesFiltering - Copying 3 resources from src\main\resources to target\classes
2023-04-22 23:03:05,988 [Worker-21: Building] INFO  o.a.m.s.f.DefaultMavenResourcesFiltering - skip non existing resourceDirectory D:\CLASES CICLO5\DESARROLLO DE APLICACIONES WEB I\MAVEN_SPRING_BD_SIN_DAO\crud-productos\src\test\resources
2023-04-22 23:04:11,020 [Worker-21: Building] INFO  o.a.m.s.f.DefaultMavenResourcesFiltering - Copying 0 resource from src\main\resources to target\classes
2023-04-22 23:04:11,021 [Worker-21: Building] INFO  o.a.m.s.f.DefaultMavenResourcesFiltering - Copying 1 resource from src\main\resources to target\classes
2023-04-22 23:04:11,037 [Worker-21: Building] INFO  o.a.m.s.f.DefaultMavenResourcesFiltering - skip non existing resourceDirectory D:\CLASES CICLO5\DESARROLLO DE APLICACIONES WEB I\MAVEN_SPRING_BD_SIN_DAO\crud-productos\src\test\resources
2023-04-22 23:33:51,544 [Worker-29: Updating Maven Project] INFO  o.e.m.c.i.p.ProjectConfigurationManager - Update started
2023-04-22 23:33:52,647 [Worker-29: Updating Maven Project] INFO  o.e.m.c.i.l.LifecycleMappingFactory - Using org.eclipse.m2e.jdt.JarLifecycleMapping lifecycle mapping for MavenProject: com.crud:crud-productos:0.0.1-SNAPSHOT @ D:\CLASES CICLO5\DESARROLLO DE APLICACIONES WEB I\MAVEN_SPRING_BD_SIN_DAO\crud-productos\pom.xml.
2023-04-22 23:33:54,129 [Worker-29: Updating Maven Project] INFO  o.e.m.j.i.AbstractJavaProjectConfigurator - Adding source folder /crud-productos/src/main/java
2023-04-22 23:33:54,131 [Worker-29: Updating Maven Project] INFO  o.e.m.j.i.AbstractJavaProjectConfigurator - Adding resource folder /crud-productos/src/main/resources
2023-04-22 23:33:54,132 [Worker-29: Updating Maven Project] INFO  o.e.m.j.i.AbstractJavaProjectConfigurator - Adding resource folder /crud-productos/src/main/resources
2023-04-22 23:33:54,134 [Worker-29: Updating Maven Project] INFO  o.e.m.j.i.AbstractJavaProjectConfigurator - Adding source folder /crud-productos/src/test/java
2023-04-22 23:33:55,246 [Worker-29: Updating Maven Project] INFO  o.e.m.c.i.p.ProjectConfigurationManager - Update completed for 1 poms: local refresh takes 0.00 sec, refresh facades takes 2.00 sec, update config takes 1.00 sec 
2023-04-22 23:33:55,919 [Worker-38: Building] INFO  o.a.m.s.f.DefaultMavenResourcesFiltering - Copying 1 resource from src\main\resources to target\classes
2023-04-22 23:33:55,954 [Worker-38: Building] INFO  o.a.m.s.f.DefaultMavenResourcesFiltering - Copying 3 resources from src\main\resources to target\classes
2023-04-22 23:33:55,974 [Worker-38: Building] INFO  o.a.m.s.f.DefaultMavenResourcesFiltering - skip non existing resourceDirectory D:\CLASES CICLO5\DESARROLLO DE APLICACIONES WEB I\MAVEN_SPRING_BD_SIN_DAO\crud-productos\src\test\resources
2023-04-23 18:57:35,160 [Worker-5: Loading available Gradle versions] INFO  o.e.b.c.i.u.g.PublishedGradleVersions - Gradle version information cache is out-of-date. Trying to update.
2023-04-23 18:57:35,439 [Worker-5: Loading available Gradle versions] INFO  o.e.b.c.i.u.g.PublishedGradleVersions - Updating Gradle version information cache failed. Using outdated cache.
2023-04-23 22:27:25,789 [Worker-4: Loading available Gradle versions] INFO  o.e.b.c.i.u.g.PublishedGradleVersions - Gradle version information cache is out-of-date. Trying to update.
2023-04-23 22:28:23,482 [Worker-3: Building] INFO  o.a.m.s.f.DefaultMavenResourcesFiltering - Copying 1 resource from src\main\resources to target\classes
2023-04-23 22:28:23,522 [Worker-3: Building] INFO  o.a.m.s.f.DefaultMavenResourcesFiltering - Copying 3 resources from src\main\resources to target\classes
2023-04-23 22:28:23,544 [Worker-3: Building] INFO  o.a.m.s.f.DefaultMavenResourcesFiltering - skip non existing resourceDirectory D:\CLASES CICLO5\DESARROLLO DE APLICACIONES WEB I\MAVEN_SPRING_BD_SIN_DAO\crud-productos\src\test\resources
2023-04-23 22:31:12,750 [Worker-2: Loading available Gradle versions] INFO  o.e.b.c.i.u.g.PublishedGradleVersions - Gradle version information cache is up-to-date. Trying to read.
2023-04-23 22:31:15,723 [Worker-0: Building] INFO  o.a.m.s.f.DefaultMavenResourcesFiltering - Copying 1 resource from src\main\resources to target\classes
2023-04-23 22:31:15,756 [Worker-0: Building] INFO  o.a.m.s.f.DefaultMavenResourcesFiltering - Copying 3 resources from src\main\resources to target\classes
2023-04-23 22:31:15,774 [Worker-0: Building] INFO  o.a.m.s.f.DefaultMavenResourcesFiltering - skip non existing resourceDirectory C:\Users\roger\OneDrive\Documentos\MAVEN_SPRING_BD_SIN_DAO\crud-productos\src\test\resources
2023-04-23 22:32:00,762 [Worker-1: Building] INFO  o.a.m.s.f.DefaultMavenResourcesFiltering - Copying 0 resource from src\main\resources to target\classes
2023-04-23 22:32:00,763 [Worker-1: Building] INFO  o.a.m.s.f.DefaultMavenResourcesFiltering - Copying 0 resource from src\main\resources to target\classes
2023-04-23 22:32:00,772 [Worker-1: Building] INFO  o.a.m.s.f.DefaultMavenResourcesFiltering - skip non existing resourceDirectory C:\Users\roger\OneDrive\Documentos\MAVEN_SPRING_BD_SIN_DAO\crud-productos\src\test\resources
2023-04-23 22:32:47,338 [Worker-7: Building] INFO  o.a.m.s.f.DefaultMavenResourcesFiltering - Copying 1 resource from src\main\resources to target\classes
2023-04-23 22:32:47,353 [Worker-7: Building] INFO  o.a.m.s.f.DefaultMavenResourcesFiltering - Copying 2 resources from src\main\resources to target\classes
2023-04-23 22:32:47,363 [Worker-7: Building] INFO  o.a.m.s.f.DefaultMavenResourcesFiltering - skip non existing resourceDirectory C:\Users\roger\OneDrive\Documentos\MAVEN_SPRING_BD_SIN_DAO\crud-productos\src\test\resources
2023-04-23 22:33:23,521 [Worker-2: Building] INFO  o.a.m.s.f.DefaultMavenResourcesFiltering - Copying 1 resource from src\main\resources to target\classes
2023-04-23 22:33:23,534 [Worker-2: Building] INFO  o.a.m.s.f.DefaultMavenResourcesFiltering - Copying 0 resource from src\main\resources to target\classes
2023-04-23 22:33:23,542 [Worker-2: Building] INFO  o.a.m.s.f.DefaultMavenResourcesFiltering - skip non existing resourceDirectory C:\Users\roger\OneDrive\Documentos\MAVEN_SPRING_BD_SIN_DAO\crud-productos\src\test\resources
2023-04-23 22:37:09,998 [Worker-17: Building] INFO  o.a.m.s.f.DefaultMavenResourcesFiltering - Copying 0 resource from src\main\resources to target\classes
2023-04-23 22:37:10,001 [Worker-17: Building] INFO  o.a.m.s.f.DefaultMavenResourcesFiltering - Copying 1 resource from src\main\resources to target\classes
2023-04-23 22:37:10,016 [Worker-17: Building] INFO  o.a.m.s.f.DefaultMavenResourcesFiltering - skip non existing resourceDirectory C:\Users\roger\OneDrive\Documentos\MAVEN_SPRING_BD_SIN_DAO\crud-productos\src\test\resources
2023-04-23 22:37:22,983 [Worker-18: Building] INFO  o.a.m.s.f.DefaultMavenResourcesFiltering - Copying 0 resource from src\main\resources to target\classes
2023-04-23 22:37:22,984 [Worker-18: Building] INFO  o.a.m.s.f.DefaultMavenResourcesFiltering - Copying 1 resource from src\main\resources to target\classes
2023-04-23 22:37:22,995 [Worker-18: Building] INFO  o.a.m.s.f.DefaultMavenResourcesFiltering - skip non existing resourceDirectory C:\Users\roger\OneDrive\Documentos\MAVEN_SPRING_BD_SIN_DAO\crud-productos\src\test\resources
2023-04-23 22:39:13,380 [Worker-17: Updating Maven Project] INFO  o.e.m.c.i.p.ProjectConfigurationManager - Update started
2023-04-23 22:39:15,216 [Worker-17: Updating Maven Project] INFO  o.e.m.c.i.l.LifecycleMappingFactory - Using org.eclipse.m2e.jdt.JarLifecycleMapping lifecycle mapping for MavenProject: com.crud:crud-productos:0.0.1-SNAPSHOT @ C:\Users\roger\OneDrive\Documentos\MAVEN_SPRING_BD_SIN_DAO\crud-productos\pom.xml.
2023-04-23 22:39:16,377 [Worker-17: Updating Maven Project] INFO  o.e.m.j.i.AbstractJavaProjectConfigurator - Adding source folder /crud-productos/src/main/java
2023-04-23 22:39:16,378 [Worker-17: Updating Maven Project] INFO  o.e.m.j.i.AbstractJavaProjectConfigurator - Adding resource folder /crud-productos/src/main/resources
2023-04-23 22:39:16,379 [Worker-17: Updating Maven Project] INFO  o.e.m.j.i.AbstractJavaProjectConfigurator - Adding resource folder /crud-productos/src/main/resources
2023-04-23 22:39:16,380 [Worker-17: Updating Maven Project] INFO  o.e.m.j.i.AbstractJavaProjectConfigurator - Adding source folder /crud-productos/src/test/java
2023-04-23 22:39:17,179 [Worker-17: Updating Maven Project] INFO  o.e.m.c.i.p.ProjectConfigurationManager - Update completed for 1 poms: local refresh takes 0.00 sec, refresh facades takes 2.00 sec, update config takes 0.00 sec 
2023-04-23 22:39:17,617 [Worker-17: Building] INFO  o.a.m.s.f.DefaultMavenResourcesFiltering - Copying 1 resource from src\main\resources to target\classes
2023-04-23 22:39:17,631 [Worker-17: Building] INFO  o.a.m.s.f.DefaultMavenResourcesFiltering - Copying 2 resources from src\main\resources to target\classes
2023-04-23 22:39:17,640 [Worker-17: Building] INFO  o.a.m.s.f.DefaultMavenResourcesFiltering - skip non existing resourceDirectory C:\Users\roger\OneDrive\Documentos\MAVEN_SPRING_BD_SIN_DAO\crud-productos\src\test\resources
2023-04-23 22:40:41,106 [Worker-21: Building] INFO  o.a.m.s.f.DefaultMavenResourcesFiltering - Copying 0 resource from src\main\resources to target\classes
2023-04-23 22:40:41,108 [Worker-21: Building] INFO  o.a.m.s.f.DefaultMavenResourcesFiltering - Copying 1 resource from src\main\resources to target\classes
2023-04-23 22:40:41,121 [Worker-21: Building] INFO  o.a.m.s.f.DefaultMavenResourcesFiltering - skip non existing resourceDirectory C:\Users\roger\OneDrive\Documentos\MAVEN_SPRING_BD_SIN_DAO\crud-productos\src\test\resources
2023-04-23 22:54:04,617 [Worker-22: Launching crud-productos - CrudProductosApplication] INFO  o.a.m.s.f.DefaultMavenResourcesFiltering - Copying 1 resource from src\main\resources to target\classes
2023-04-23 22:54:04,641 [Worker-22: Launching crud-productos - CrudProductosApplication] INFO  o.a.m.s.f.DefaultMavenResourcesFiltering - Copying 2 resources from src\main\resources to target\classes
2023-04-23 22:54:04,653 [Worker-22: Launching crud-productos - CrudProductosApplication] INFO  o.a.m.s.f.DefaultMavenResourcesFiltering - skip non existing resourceDirectory C:\Users\roger\OneDrive\Documentos\MAVEN_SPRING_BD_SIN_DAO\crud-productos\src\test\resources
2023-04-23 22:54:45,439 [Worker-31: Building] INFO  o.a.m.s.f.DefaultMavenResourcesFiltering - Copying 0 resource from src\main\resources to target\classes
2023-04-23 22:54:45,440 [Worker-31: Building] INFO  o.a.m.s.f.DefaultMavenResourcesFiltering - Copying 1 resource from src\main\resources to target\classes
2023-04-23 22:54:45,454 [Worker-31: Building] INFO  o.a.m.s.f.DefaultMavenResourcesFiltering - skip non existing resourceDirectory C:\Users\roger\OneDrive\Documentos\MAVEN_SPRING_BD_SIN_DAO\crud-productos\src\test\resources
2023-04-23 22:55:54,652 [Worker-32: Building] INFO  o.a.m.s.f.DefaultMavenResourcesFiltering - Copying 1 resource from src\main\resources to target\classes
2023-04-23 22:55:54,679 [Worker-32: Building] INFO  o.a.m.s.f.DefaultMavenResourcesFiltering - Copying 2 resources from src\main\resources to target\classes
2023-04-23 22:55:54,689 [Worker-32: Building] INFO  o.a.m.s.f.DefaultMavenResourcesFiltering - skip non existing resourceDirectory C:\Users\roger\OneDrive\Documentos\MAVEN_SPRING_BD_SIN_DAO\crud-productos\src\test\resources
2023-04-23 22:55:58,605 [Worker-32: Building] INFO  o.a.m.s.f.DefaultMavenResourcesFiltering - Copying 0 resource from src\main\resources to target\classes
2023-04-23 22:55:58,606 [Worker-32: Building] INFO  o.a.m.s.f.DefaultMavenResourcesFiltering - Copying 1 resource from src\main\resources to target\classes
2023-04-23 22:55:58,618 [Worker-32: Building] INFO  o.a.m.s.f.DefaultMavenResourcesFiltering - skip non existing resourceDirectory C:\Users\roger\OneDrive\Documentos\MAVEN_SPRING_BD_SIN_DAO\crud-productos\src\test\resources
2023-04-23 23:23:09,075 [Worker-36: Building] INFO  o.a.m.s.f.DefaultMavenResourcesFiltering - Copying 1 resource from src\main\resources to target\classes
2023-04-23 23:23:09,088 [Worker-36: Building] INFO  o.a.m.s.f.DefaultMavenResourcesFiltering - Copying 2 resources from src\main\resources to target\classes
2023-04-23 23:23:09,098 [Worker-36: Building] INFO  o.a.m.s.f.DefaultMavenResourcesFiltering - skip non existing resourceDirectory C:\Users\roger\OneDrive\Documentos\MAVEN_SPRING_BD_SIN_DAO\crud-productos\src\test\resources
2023-04-23 23:27:33,225 [Worker-37: Building] INFO  o.a.m.s.f.DefaultMavenResourcesFiltering - Copying 1 resource from src\main\resources to target\classes
2023-04-23 23:27:33,239 [Worker-37: Building] INFO  o.a.m.s.f.DefaultMavenResourcesFiltering - Copying 2 resources from src\main\resources to target\classes
2023-04-23 23:27:33,253 [Worker-37: Building] INFO  o.a.m.s.f.DefaultMavenResourcesFiltering - skip non existing resourceDirectory C:\Users\roger\OneDrive\Documentos\MAVEN_SPRING_BD_SIN_DAO\crud-productos\src\test\resources
2023-04-23 23:30:00,480 [Worker-44: Building] INFO  o.a.m.s.f.DefaultMavenResourcesFiltering - Copying 1 resource from src\main\resources to target\classes
2023-04-23 23:30:00,492 [Worker-44: Building] INFO  o.a.m.s.f.DefaultMavenResourcesFiltering - Copying 2 resources from src\main\resources to target\classes
2023-04-23 23:30:00,501 [Worker-44: Building] INFO  o.a.m.s.f.DefaultMavenResourcesFiltering - skip non existing resourceDirectory C:\Users\roger\OneDrive\Documentos\MAVEN_SPRING_BD_SIN_DAO\crud-productos\src\test\resources
2023-04-23 23:38:54,698 [Worker-46: Building] INFO  o.a.m.s.f.DefaultMavenResourcesFiltering - Copying 1 resource from src\main\resources to target\classes
2023-04-23 23:38:54,720 [Worker-46: Building] INFO  o.a.m.s.f.DefaultMavenResourcesFiltering - Copying 2 resources from src\main\resources to target\classes
2023-04-23 23:38:54,730 [Worker-46: Building] INFO  o.a.m.s.f.DefaultMavenResourcesFiltering - skip non existing resourceDirectory C:\Users\roger\OneDrive\Documentos\MAVEN_SPRING_BD_SIN_DAO\crud-productos\src\test\resources
2023-04-24 10:19:41,574 [Worker-5: Loading available Gradle versions] INFO  o.e.b.c.i.u.g.PublishedGradleVersions - Gradle version information cache is up-to-date. Trying to read.
2023-04-24 10:36:06,569 [Worker-4: Loading available Gradle versions] INFO  o.e.b.c.i.u.g.PublishedGradleVersions - Gradle version information cache is up-to-date. Trying to read.
2023-04-24 10:37:21,119 [Worker-13: Launching crud-productos - CrudProductosApplication] INFO  o.a.m.s.f.DefaultMavenResourcesFiltering - Copying 1 resource from src\main\resources to target\classes
2023-04-24 10:37:21,161 [Worker-13: Launching crud-productos - CrudProductosApplication] INFO  o.a.m.s.f.DefaultMavenResourcesFiltering - Copying 2 resources from src\main\resources to target\classes
